
BL51 BANKED LINKER/LOCATER V6.22 - SN: Eval Version
COPYRIGHT KEIL ELEKTRONIK GmbH 1987 - 2009
"C:\Users\lchu\Desktop\NFC RFID\AMS\AS399x_Firmware\as399x.obj"  TO "C:\Users\lchu\Desktop\NFC RFID\AMS\AS399x_Firmware\as399x" RS(256) PL(68) PW(78) 

*** WARNING L16: UNCALLED SEGMENT, IGNORED FOR OVERLAY PROCESS
    SEGMENT: ?PR?_AS399XINITIALIZE?AS399X

*** WARNING L16: UNCALLED SEGMENT, IGNORED FOR OVERLAY PROCESS
    SEGMENT: ?PR?_AS399XCONTINUOUSCOMMAND?AS399X

*** WARNING L16: UNCALLED SEGMENT, IGNORED FOR OVERLAY PROCESS
    SEGMENT: ?PR?_AS399XFIFOREAD?AS399X

*** WARNING L16: UNCALLED SEGMENT, IGNORED FOR OVERLAY PROCESS
    SEGMENT: ?PR?_AS399XCOMMANDCONTINUOUSADDRESS?AS399X

*** WARNING L16: UNCALLED SEGMENT, IGNORED FOR OVERLAY PROCESS
    SEGMENT: ?PR?AS399XSWITCHTOIDLEMODE?AS399X

*** WARNING L16: UNCALLED SEGMENT, IGNORED FOR OVERLAY PROCESS
    SEGMENT: ?PR?_AS399XWAITFORRESPONSETIMED?AS399X

*** WARNING L16: UNCALLED SEGMENT, IGNORED FOR OVERLAY PROCESS
    SEGMENT: ?PR?AS399XENTERDIRECTMODE?AS399X

*** WARNING L16: UNCALLED SEGMENT, IGNORED FOR OVERLAY PROCESS
    SEGMENT: ?PR?AS399XEXITDIRECTMODE?AS399X

*** WARNING L16: UNCALLED SEGMENT, IGNORED FOR OVERLAY PROCESS
    SEGMENT: ?PR?AS399XMEMORYDUMP?AS399X

*** WARNING L16: UNCALLED SEGMENT, IGNORED FOR OVERLAY PROCESS
    SEGMENT: ?PR?_AS399XANTENNAPOWER?AS399X

*** WARNING L16: UNCALLED SEGMENT, IGNORED FOR OVERLAY PROCESS
    SEGMENT: ?PR?AS399XSAVESENSITIVITY?AS399X

*** WARNING L16: UNCALLED SEGMENT, IGNORED FOR OVERLAY PROCESS
    SEGMENT: ?PR?AS399XRESTORESENSITIVITY?AS399X

*** WARNING L16: UNCALLED SEGMENT, IGNORED FOR OVERLAY PROCESS
    SEGMENT: ?PR?AS399XGETSENSITIVITY?AS399X

*** WARNING L16: UNCALLED SEGMENT, IGNORED FOR OVERLAY PROCESS
    SEGMENT: ?PR?_AS399XGETRSSI?AS399X

*** WARNING L16: UNCALLED SEGMENT, IGNORED FOR OVERLAY PROCESS
    SEGMENT: ?PR?_AS399XWRITEDAC?AS399X

*** WARNING L16: UNCALLED SEGMENT, IGNORED FOR OVERLAY PROCESS
    SEGMENT: ?PR?AS399XREADDAC?AS399X

*** WARNING L16: UNCALLED SEGMENT, IGNORED FOR OVERLAY PROCESS
    SEGMENT: ?PR?AS399XGETADC_MV?AS399X

*** WARNING L16: UNCALLED SEGMENT, IGNORED FOR OVERLAY PROCESS
    SEGMENT: ?PR?AS399XGETREFLECTEDPOWER?AS399X

*** WARNING L16: UNCALLED SEGMENT, IGNORED FOR OVERLAY PROCESS
    SEGMENT: ?PR?AS399XGETREFLECTEDPOWERNOISELEVEL?AS399X

*** WARNING L16: UNCALLED SEGMENT, IGNORED FOR OVERLAY PROCESS
    SEGMENT: ?PR?AS399XENTERSTANDBYMODE?AS399X

*** WARNING L16: UNCALLED SEGMENT, IGNORED FOR OVERLAY PROCESS
    SEGMENT: ?PR?AS399XEXITSTANDBYMODE?AS399X

*** WARNING L16: UNCALLED SEGMENT, IGNORED FOR OVERLAY PROCESS
    SEGMENT: ?C_INITSEG

*** ERROR L107: ADDRESS SPACE OVERFLOW
    SPACE:   DATA    
    SEGMENT: ?DT?AS399XLOCKPLL?AS399X
    LENGTH:  0007H

*** ERROR L107: ADDRESS SPACE OVERFLOW
    SPACE:   DATA    
    SEGMENT: ?DT?AS399XGETREFLECTEDPOWER?AS399X
    LENGTH:  0007H

*** ERROR L107: ADDRESS SPACE OVERFLOW
    SPACE:   DATA    
    SEGMENT: ?DT?_AS399XWRITEPREDISTORTION?AS399X
    LENGTH:  0005H

*** ERROR L107: ADDRESS SPACE OVERFLOW
    SPACE:   DATA    
    SEGMENT: ?DT?_AS399XCONTINUOUSWRITE?AS399X
    LENGTH:  0005H

*** ERROR L107: ADDRESS SPACE OVERFLOW
    SPACE:   DATA    
    SEGMENT: ?DT?AS399XMEMORYDUMP?AS399X
    LENGTH:  0005H

*** ERROR L107: ADDRESS SPACE OVERFLOW
    SPACE:   DATA    
    SEGMENT: ?DT?_AS399XANTENNAPOWER?AS399X
    LENGTH:  0005H

*** ERROR L107: ADDRESS SPACE OVERFLOW
    SPACE:   DATA    
    SEGMENT: ?DT?_AS399XCONTINUOUSREAD?AS399X
    LENGTH:  0004H

*** ERROR L107: ADDRESS SPACE OVERFLOW
    SPACE:   DATA    
    SEGMENT: ?DT?_AS399XWAITFORRESPONSETIMED?AS399X
    LENGTH:  0004H

*** ERROR L107: ADDRESS SPACE OVERFLOW
    SPACE:   DATA    
    SEGMENT: ?DT?AS399XENTERDIRECTMODE?AS399X
    LENGTH:  0004H

*** ERROR L107: ADDRESS SPACE OVERFLOW
    SPACE:   DATA    
    SEGMENT: ?DT?_AS399XSETSENSITIVITY?AS399X
    LENGTH:  0004H

*** ERROR L107: ADDRESS SPACE OVERFLOW
    SPACE:   DATA    
    SEGMENT: ?DT?AS399XENTERPOWERDOWNMODE?AS399X
    LENGTH:  0004H

*** ERROR L107: ADDRESS SPACE OVERFLOW
    SPACE:   DATA    
    SEGMENT: ?DT?_AS399XSINGLEWRITENOSTOP?AS399X
    LENGTH:  0002H

*** ERROR L107: ADDRESS SPACE OVERFLOW
    SPACE:   DATA    
    SEGMENT: ?DT?_AS399XSINGLEREAD?AS399X
    LENGTH:  0002H

*** ERROR L107: ADDRESS SPACE OVERFLOW
    SPACE:   DATA    
    SEGMENT: ?DT?_AS399XSINGLEWRITE?AS399X
    LENGTH:  0002H

*** ERROR L107: ADDRESS SPACE OVERFLOW
    SPACE:   DATA    
    SEGMENT: ?DT?_AS399XWAITFORRESPONSE?AS399X
    LENGTH:  0002H

*** ERROR L107: ADDRESS SPACE OVERFLOW
    SPACE:   DATA    
    SEGMENT: ?DT?AS399XGETSENSITIVITY?AS399X
    LENGTH:  0002H

*** ERROR L107: ADDRESS SPACE OVERFLOW
    SPACE:   DATA    
    SEGMENT: ?DT?AS399XEXITPOWERDOWNMODE?AS399X
    LENGTH:  0002H

*** ERROR L107: ADDRESS SPACE OVERFLOW
    SPACE:   DATA    
    SEGMENT: _DATA_GROUP_
    LENGTH:  0002H

*** ERROR L107: ADDRESS SPACE OVERFLOW
    SPACE:   DATA    
    SEGMENT: ?DT?_AS399XSINGLECOMMAND?AS399X
    LENGTH:  0001H

*** ERROR L107: ADDRESS SPACE OVERFLOW
    SPACE:   DATA    
    SEGMENT: ?DT?_AS399XSELECTLINKFREQUENCY?AS399X
    LENGTH:  0001H

*** ERROR L107: ADDRESS SPACE OVERFLOW
    SPACE:   DATA    
    SEGMENT: ?DT?AS399XGETRAWRSSI?AS399X
    LENGTH:  0001H

*** WARNING L1: UNRESOLVED EXTERNAL SYMBOL
    SYMBOL:  _TIMERSTART_US
    MODULE:  C:\Users\lchu\Desktop\NFC RFID\AMS\AS399x_Firmware\as399x.obj (AS399X)

>> 
*** WARNING L1: UNRESOLVED EXTERNAL SYMBOL
    SYMBOL:  _MDELAY
    MODULE:  C:\Users\lchu\Desktop\NFC RFID\AMS\AS399x_Firmware\as399x.obj (AS399X)

>> 
*** WARNING L1: UNRESOLVED EXTERNAL SYMBOL
    SYMBOL:  _UDELAY
    MODULE:  C:\Users\lchu\Desktop\NFC RFID\AMS\AS399x_Firmware\as399x.obj (AS399X)

>> 
*** WARNING L1: UNRESOLVED EXTERNAL SYMBOL
    SYMBOL:  _WRITEREADAS399XISR
    MODULE:  C:\Users\lchu\Desktop\NFC RFID\AMS\AS399x_Firmware\as399x.obj (AS399X)

>> 
*** WARNING L1: UNRESOLVED EXTERNAL SYMBOL
    SYMBOL:  SETPORTDIRECT
    MODULE:  C:\Users\lchu\Desktop\NFC RFID\AMS\AS399x_Firmware\as399x.obj (AS399X)

>> 
*** WARNING L1: UNRESOLVED EXTERNAL SYMBOL
    SYMBOL:  _WRITEREADAS399X
    MODULE:  C:\Users\lchu\Desktop\NFC RFID\AMS\AS399x_Firmware\as399x.obj (AS399X)

>> 
*** WARNING L1: UNRESOLVED EXTERNAL SYMBOL
    SYMBOL:  ?_WRITEREADAS399X?BYTE
    MODULE:  C:\Users\lchu\Desktop\NFC RFID\AMS\AS399x_Firmware\as399x.obj (AS399X)

>> 
*** WARNING L1: UNRESOLVED EXTERNAL SYMBOL
    SYMBOL:  SETPORTNORMAL
    MODULE:  C:\Users\lchu\Desktop\NFC RFID\AMS\AS399x_Firmware\as399x.obj (AS399X)

>> 
*** WARNING L1: UNRESOLVED EXTERNAL SYMBOL
    SYMBOL:  _CON_PRINT
    MODULE:  C:\Users\lchu\Desktop\NFC RFID\AMS\AS399x_Firmware\as399x.obj (AS399X)

>> 
*** WARNING L1: UNRESOLVED EXTERNAL SYMBOL
    SYMBOL:  ?_CON_PRINT?BYTE
    MODULE:  C:\Users\lchu\Desktop\NFC RFID\AMS\AS399x_Firmware\as399x.obj (AS399X)

>> 
*** ERROR L105: PUBLIC REFERS TO IGNORED SEGMENT
    SYMBOL:  ?_AS399XCONTINUOUSWRITE?BYTE
    SEGMENT: ?DT?_AS399XCONTINUOUSWRITE?AS399X

*** WARNING L2: REFERENCE MADE TO UNRESOLVED EXTERNAL
    SYMBOL:  ?_CON_PRINT?BYTE
    MODULE:  C:\Users\lchu\Desktop\NFC RFID\AMS\AS399x_Firmware\as399x.obj (AS399X)

>>     ADDRESS: 0858H

*** WARNING L2: REFERENCE MADE TO UNRESOLVED EXTERNAL
    SYMBOL:  ?_CON_PRINT?BYTE
    MODULE:  C:\Users\lchu\Desktop\NFC RFID\AMS\AS399x_Firmware\as399x.obj (AS399X)

>>     ADDRESS: 085BH

*** WARNING L2: REFERENCE MADE TO UNRESOLVED EXTERNAL
    SYMBOL:  ?_CON_PRINT?BYTE
    MODULE:  C:\Users\lchu\Desktop\NFC RFID\AMS\AS399x_Firmware\as399x.obj (AS399X)

>>     ADDRESS: 085EH

*** WARNING L2: REFERENCE MADE TO UNRESOLVED EXTERNAL
    SYMBOL:  ?_CON_PRINT?BYTE
    MODULE:  C:\Users\lchu\Desktop\NFC RFID\AMS\AS399x_Firmware\as399x.obj (AS399X)

>>     ADDRESS: 0861H

*** WARNING L2: REFERENCE MADE TO UNRESOLVED EXTERNAL
    SYMBOL:  _MDELAY
    MODULE:  C:\Users\lchu\Desktop\NFC RFID\AMS\AS399x_Firmware\as399x.obj (AS399X)

>>     ADDRESS: 086CH

*** WARNING L2: REFERENCE MADE TO UNRESOLVED EXTERNAL
    SYMBOL:  _MDELAY
    MODULE:  C:\Users\lchu\Desktop\NFC RFID\AMS\AS399x_Firmware\as399x.obj (AS399X)

>>     ADDRESS: 0875H

*** WARNING L2: REFERENCE MADE TO UNRESOLVED EXTERNAL
    SYMBOL:  _CON_PRINT
    MODULE:  C:\Users\lchu\Desktop\NFC RFID\AMS\AS399x_Firmware\as399x.obj (AS399X)

>>     ADDRESS: 0926H

*** WARNING L2: REFERENCE MADE TO UNRESOLVED EXTERNAL
    SYMBOL:  ?_CON_PRINT?BYTE
    MODULE:  C:\Users\lchu\Desktop\NFC RFID\AMS\AS399x_Firmware\as399x.obj (AS399X)

>>     ADDRESS: 0970H

*** WARNING L2: REFERENCE MADE TO UNRESOLVED EXTERNAL
    SYMBOL:  _CON_PRINT
    MODULE:  C:\Users\lchu\Desktop\NFC RFID\AMS\AS399x_Firmware\as399x.obj (AS399X)

>>     ADDRESS: 0978H

*** WARNING L2: REFERENCE MADE TO UNRESOLVED EXTERNAL
    SYMBOL:  _CON_PRINT
    MODULE:  C:\Users\lchu\Desktop\NFC RFID\AMS\AS399x_Firmware\as399x.obj (AS399X)

>>     ADDRESS: 099BH

*** WARNING L2: REFERENCE MADE TO UNRESOLVED EXTERNAL
    SYMBOL:  _CON_PRINT
    MODULE:  C:\Users\lchu\Desktop\NFC RFID\AMS\AS399x_Firmware\as399x.obj (AS399X)

>>     ADDRESS: 09BCH

*** WARNING L2: REFERENCE MADE TO UNRESOLVED EXTERNAL
    SYMBOL:  _MDELAY
    MODULE:  C:\Users\lchu\Desktop\NFC RFID\AMS\AS399x_Firmware\as399x.obj (AS399X)

>>     ADDRESS: 0A58H

*** WARNING L2: REFERENCE MADE TO UNRESOLVED EXTERNAL
    SYMBOL:  ?_WRITEREADAS399X?BYTE
    MODULE:  C:\Users\lchu\Desktop\NFC RFID\AMS\AS399x_Firmware\as399x.obj (AS399X)

>>     ADDRESS: 19D2H

*** WARNING L2: REFERENCE MADE TO UNRESOLVED EXTERNAL
    SYMBOL:  ?_WRITEREADAS399X?BYTE
    MODULE:  C:\Users\lchu\Desktop\NFC RFID\AMS\AS399x_Firmware\as399x.obj (AS399X)

>>     ADDRESS: 19D5H

*** WARNING L2: REFERENCE MADE TO UNRESOLVED EXTERNAL
    SYMBOL:  ?_WRITEREADAS399X?BYTE
    MODULE:  C:\Users\lchu\Desktop\NFC RFID\AMS\AS399x_Firmware\as399x.obj (AS399X)

>>     ADDRESS: 19D8H

*** WARNING L2: REFERENCE MADE TO UNRESOLVED EXTERNAL
    SYMBOL:  ?_WRITEREADAS399X?BYTE
    MODULE:  C:\Users\lchu\Desktop\NFC RFID\AMS\AS399x_Firmware\as399x.obj (AS399X)

>>     ADDRESS: 19DCH

*** WARNING L2: REFERENCE MADE TO UNRESOLVED EXTERNAL
    SYMBOL:  ?_WRITEREADAS399X?BYTE
    MODULE:  C:\Users\lchu\Desktop\NFC RFID\AMS\AS399x_Firmware\as399x.obj (AS399X)

>>     ADDRESS: 19DEH

*** WARNING L2: REFERENCE MADE TO UNRESOLVED EXTERNAL
    SYMBOL:  ?_WRITEREADAS399X?BYTE
    MODULE:  C:\Users\lchu\Desktop\NFC RFID\AMS\AS399x_Firmware\as399x.obj (AS399X)

>>     ADDRESS: 19E1H

*** WARNING L2: REFERENCE MADE TO UNRESOLVED EXTERNAL
    SYMBOL:  _WRITEREADAS399X
    MODULE:  C:\Users\lchu\Desktop\NFC RFID\AMS\AS399x_Firmware\as399x.obj (AS399X)

>>     ADDRESS: 19EBH

*** WARNING L2: REFERENCE MADE TO UNRESOLVED EXTERNAL
    SYMBOL:  ?_WRITEREADAS399X?BYTE
    MODULE:  C:\Users\lchu\Desktop\NFC RFID\AMS\AS399x_Firmware\as399x.obj (AS399X)

>>     ADDRESS: 1A50H

*** WARNING L2: REFERENCE MADE TO UNRESOLVED EXTERNAL
    SYMBOL:  ?_WRITEREADAS399X?BYTE
    MODULE:  C:\Users\lchu\Desktop\NFC RFID\AMS\AS399x_Firmware\as399x.obj (AS399X)

>>     ADDRESS: 1A53H

*** WARNING L2: REFERENCE MADE TO UNRESOLVED EXTERNAL
    SYMBOL:  ?_WRITEREADAS399X?BYTE
    MODULE:  C:\Users\lchu\Desktop\NFC RFID\AMS\AS399x_Firmware\as399x.obj (AS399X)

>>     ADDRESS: 1A56H

*** WARNING L2: REFERENCE MADE TO UNRESOLVED EXTERNAL
    SYMBOL:  ?_WRITEREADAS399X?BYTE
    MODULE:  C:\Users\lchu\Desktop\NFC RFID\AMS\AS399x_Firmware\as399x.obj (AS399X)

>>     ADDRESS: 1A5AH

*** WARNING L2: REFERENCE MADE TO UNRESOLVED EXTERNAL
    SYMBOL:  ?_WRITEREADAS399X?BYTE
    MODULE:  C:\Users\lchu\Desktop\NFC RFID\AMS\AS399x_Firmware\as399x.obj (AS399X)

>>     ADDRESS: 1A5CH

*** WARNING L2: REFERENCE MADE TO UNRESOLVED EXTERNAL
    SYMBOL:  ?_WRITEREADAS399X?BYTE
    MODULE:  C:\Users\lchu\Desktop\NFC RFID\AMS\AS399x_Firmware\as399x.obj (AS399X)

>>     ADDRESS: 1A5FH

*** WARNING L2: REFERENCE MADE TO UNRESOLVED EXTERNAL
    SYMBOL:  _WRITEREADAS399X
    MODULE:  C:\Users\lchu\Desktop\NFC RFID\AMS\AS399x_Firmware\as399x.obj (AS399X)

>>     ADDRESS: 1A62H

*** WARNING L2: REFERENCE MADE TO UNRESOLVED EXTERNAL
    SYMBOL:  ?_WRITEREADAS399X?BYTE
    MODULE:  C:\Users\lchu\Desktop\NFC RFID\AMS\AS399x_Firmware\as399x.obj (AS399X)

>>     ADDRESS: 1A15H

*** WARNING L2: REFERENCE MADE TO UNRESOLVED EXTERNAL
    SYMBOL:  ?_WRITEREADAS399X?BYTE
    MODULE:  C:\Users\lchu\Desktop\NFC RFID\AMS\AS399x_Firmware\as399x.obj (AS399X)

>>     ADDRESS: 1A18H

*** WARNING L2: REFERENCE MADE TO UNRESOLVED EXTERNAL
    SYMBOL:  ?_WRITEREADAS399X?BYTE
    MODULE:  C:\Users\lchu\Desktop\NFC RFID\AMS\AS399x_Firmware\as399x.obj (AS399X)

>>     ADDRESS: 1A1BH

*** WARNING L2: REFERENCE MADE TO UNRESOLVED EXTERNAL
    SYMBOL:  ?_WRITEREADAS399X?BYTE
    MODULE:  C:\Users\lchu\Desktop\NFC RFID\AMS\AS399x_Firmware\as399x.obj (AS399X)

>>     ADDRESS: 1A1FH

*** WARNING L2: REFERENCE MADE TO UNRESOLVED EXTERNAL
    SYMBOL:  ?_WRITEREADAS399X?BYTE
    MODULE:  C:\Users\lchu\Desktop\NFC RFID\AMS\AS399x_Firmware\as399x.obj (AS399X)

>>     ADDRESS: 1A21H

*** WARNING L2: REFERENCE MADE TO UNRESOLVED EXTERNAL
    SYMBOL:  ?_WRITEREADAS399X?BYTE
    MODULE:  C:\Users\lchu\Desktop\NFC RFID\AMS\AS399x_Firmware\as399x.obj (AS399X)

>>     ADDRESS: 1A23H

*** WARNING L2: REFERENCE MADE TO UNRESOLVED EXTERNAL
    SYMBOL:  _WRITEREADAS399X
    MODULE:  C:\Users\lchu\Desktop\NFC RFID\AMS\AS399x_Firmware\as399x.obj (AS399X)

>>     ADDRESS: 1A2DH

*** WARNING L2: REFERENCE MADE TO UNRESOLVED EXTERNAL
    SYMBOL:  ?_WRITEREADAS399X?BYTE
    MODULE:  C:\Users\lchu\Desktop\NFC RFID\AMS\AS399x_Firmware\as399x.obj (AS399X)

>>     ADDRESS: 18D9H

*** WARNING L2: REFERENCE MADE TO UNRESOLVED EXTERNAL
    SYMBOL:  ?_WRITEREADAS399X?BYTE
    MODULE:  C:\Users\lchu\Desktop\NFC RFID\AMS\AS399x_Firmware\as399x.obj (AS399X)

>>     ADDRESS: 18DBH

*** WARNING L2: REFERENCE MADE TO UNRESOLVED EXTERNAL
    SYMBOL:  ?_WRITEREADAS399X?BYTE
    MODULE:  C:\Users\lchu\Desktop\NFC RFID\AMS\AS399x_Firmware\as399x.obj (AS399X)

>>     ADDRESS: 18DDH

*** WARNING L2: REFERENCE MADE TO UNRESOLVED EXTERNAL
    SYMBOL:  ?_WRITEREADAS399X?BYTE
    MODULE:  C:\Users\lchu\Desktop\NFC RFID\AMS\AS399x_Firmware\as399x.obj (AS399X)

>>     ADDRESS: 18DFH

*** WARNING L2: REFERENCE MADE TO UNRESOLVED EXTERNAL
    SYMBOL:  ?_WRITEREADAS399X?BYTE
    MODULE:  C:\Users\lchu\Desktop\NFC RFID\AMS\AS399x_Firmware\as399x.obj (AS399X)

>>     ADDRESS: 18E1H

*** WARNING L2: REFERENCE MADE TO UNRESOLVED EXTERNAL
    SYMBOL:  ?_WRITEREADAS399X?BYTE
    MODULE:  C:\Users\lchu\Desktop\NFC RFID\AMS\AS399x_Firmware\as399x.obj (AS399X)

>>     ADDRESS: 18E4H

*** WARNING L2: REFERENCE MADE TO UNRESOLVED EXTERNAL
    SYMBOL:  _WRITEREADAS399X
    MODULE:  C:\Users\lchu\Desktop\NFC RFID\AMS\AS399x_Firmware\as399x.obj (AS399X)

>>     ADDRESS: 18EFH

*** WARNING L2: REFERENCE MADE TO UNRESOLVED EXTERNAL
    SYMBOL:  ?_WRITEREADAS399X?BYTE
    MODULE:  C:\Users\lchu\Desktop\NFC RFID\AMS\AS399x_Firmware\as399x.obj (AS399X)

>>     ADDRESS: 19ACH

*** WARNING L2: REFERENCE MADE TO UNRESOLVED EXTERNAL
    SYMBOL:  ?_WRITEREADAS399X?BYTE
    MODULE:  C:\Users\lchu\Desktop\NFC RFID\AMS\AS399x_Firmware\as399x.obj (AS399X)

>>     ADDRESS: 19AFH

*** WARNING L2: REFERENCE MADE TO UNRESOLVED EXTERNAL
    SYMBOL:  ?_WRITEREADAS399X?BYTE
    MODULE:  C:\Users\lchu\Desktop\NFC RFID\AMS\AS399x_Firmware\as399x.obj (AS399X)

>>     ADDRESS: 19B2H

*** WARNING L2: REFERENCE MADE TO UNRESOLVED EXTERNAL
    SYMBOL:  ?_WRITEREADAS399X?BYTE
    MODULE:  C:\Users\lchu\Desktop\NFC RFID\AMS\AS399x_Firmware\as399x.obj (AS399X)

>>     ADDRESS: 19B5H

*** WARNING L2: REFERENCE MADE TO UNRESOLVED EXTERNAL
    SYMBOL:  ?_WRITEREADAS399X?BYTE
    MODULE:  C:\Users\lchu\Desktop\NFC RFID\AMS\AS399x_Firmware\as399x.obj (AS399X)

>>     ADDRESS: 19B8H

*** WARNING L2: REFERENCE MADE TO UNRESOLVED EXTERNAL
    SYMBOL:  ?_WRITEREADAS399X?BYTE
    MODULE:  C:\Users\lchu\Desktop\NFC RFID\AMS\AS399x_Firmware\as399x.obj (AS399X)

>>     ADDRESS: 19BBH

*** WARNING L2: REFERENCE MADE TO UNRESOLVED EXTERNAL
    SYMBOL:  _WRITEREADAS399X
    MODULE:  C:\Users\lchu\Desktop\NFC RFID\AMS\AS399x_Firmware\as399x.obj (AS399X)

>>     ADDRESS: 19C6H

*** WARNING L2: REFERENCE MADE TO UNRESOLVED EXTERNAL
    SYMBOL:  _WRITEREADAS399XISR
    MODULE:  C:\Users\lchu\Desktop\NFC RFID\AMS\AS399x_Firmware\as399x.obj (AS399X)

>>     ADDRESS: 1AC6H

*** WARNING L2: REFERENCE MADE TO UNRESOLVED EXTERNAL
    SYMBOL:  ?_WRITEREADAS399X?BYTE
    MODULE:  C:\Users\lchu\Desktop\NFC RFID\AMS\AS399x_Firmware\as399x.obj (AS399X)

>>     ADDRESS: 1630H

*** WARNING L2: REFERENCE MADE TO UNRESOLVED EXTERNAL
    SYMBOL:  ?_WRITEREADAS399X?BYTE
    MODULE:  C:\Users\lchu\Desktop\NFC RFID\AMS\AS399x_Firmware\as399x.obj (AS399X)

>>     ADDRESS: 1633H

*** WARNING L2: REFERENCE MADE TO UNRESOLVED EXTERNAL
    SYMBOL:  ?_WRITEREADAS399X?BYTE
    MODULE:  C:\Users\lchu\Desktop\NFC RFID\AMS\AS399x_Firmware\as399x.obj (AS399X)

>>     ADDRESS: 1636H

*** WARNING L2: REFERENCE MADE TO UNRESOLVED EXTERNAL
    SYMBOL:  ?_WRITEREADAS399X?BYTE
    MODULE:  C:\Users\lchu\Desktop\NFC RFID\AMS\AS399x_Firmware\as399x.obj (AS399X)

>>     ADDRESS: 163AH

*** WARNING L2: REFERENCE MADE TO UNRESOLVED EXTERNAL
    SYMBOL:  ?_WRITEREADAS399X?BYTE
    MODULE:  C:\Users\lchu\Desktop\NFC RFID\AMS\AS399x_Firmware\as399x.obj (AS399X)

>>     ADDRESS: 163CH

*** WARNING L2: REFERENCE MADE TO UNRESOLVED EXTERNAL
    SYMBOL:  ?_WRITEREADAS399X?BYTE
    MODULE:  C:\Users\lchu\Desktop\NFC RFID\AMS\AS399x_Firmware\as399x.obj (AS399X)

>>     ADDRESS: 163EH

*** WARNING L2: REFERENCE MADE TO UNRESOLVED EXTERNAL
    SYMBOL:  _WRITEREADAS399X
    MODULE:  C:\Users\lchu\Desktop\NFC RFID\AMS\AS399x_Firmware\as399x.obj (AS399X)

>>     ADDRESS: 1648H

*** WARNING L2: REFERENCE MADE TO UNRESOLVED EXTERNAL
    SYMBOL:  ?_WRITEREADAS399X?BYTE
    MODULE:  C:\Users\lchu\Desktop\NFC RFID\AMS\AS399x_Firmware\as399x.obj (AS399X)

>>     ADDRESS: 164BH

*** WARNING L2: REFERENCE MADE TO UNRESOLVED EXTERNAL
    SYMBOL:  ?_WRITEREADAS399X?BYTE
    MODULE:  C:\Users\lchu\Desktop\NFC RFID\AMS\AS399x_Firmware\as399x.obj (AS399X)

>>     ADDRESS: 164EH

*** WARNING L2: REFERENCE MADE TO UNRESOLVED EXTERNAL
    SYMBOL:  ?_WRITEREADAS399X?BYTE
    MODULE:  C:\Users\lchu\Desktop\NFC RFID\AMS\AS399x_Firmware\as399x.obj (AS399X)

>>     ADDRESS: 1651H

*** WARNING L2: REFERENCE MADE TO UNRESOLVED EXTERNAL
    SYMBOL:  ?_WRITEREADAS399X?BYTE
    MODULE:  C:\Users\lchu\Desktop\NFC RFID\AMS\AS399x_Firmware\as399x.obj (AS399X)

>>     ADDRESS: 1655H

*** WARNING L2: REFERENCE MADE TO UNRESOLVED EXTERNAL
    SYMBOL:  ?_WRITEREADAS399X?BYTE
    MODULE:  C:\Users\lchu\Desktop\NFC RFID\AMS\AS399x_Firmware\as399x.obj (AS399X)

>>     ADDRESS: 1657H

*** WARNING L2: REFERENCE MADE TO UNRESOLVED EXTERNAL
    SYMBOL:  ?_WRITEREADAS399X?BYTE
    MODULE:  C:\Users\lchu\Desktop\NFC RFID\AMS\AS399x_Firmware\as399x.obj (AS399X)

>>     ADDRESS: 1659H

*** WARNING L2: REFERENCE MADE TO UNRESOLVED EXTERNAL
    SYMBOL:  _WRITEREADAS399X
    MODULE:  C:\Users\lchu\Desktop\NFC RFID\AMS\AS399x_Firmware\as399x.obj (AS399X)

>>     ADDRESS: 1662H

*** WARNING L2: REFERENCE MADE TO UNRESOLVED EXTERNAL
    SYMBOL:  ?_WRITEREADAS399X?BYTE
    MODULE:  C:\Users\lchu\Desktop\NFC RFID\AMS\AS399x_Firmware\as399x.obj (AS399X)

>>     ADDRESS: 1670H

*** WARNING L2: REFERENCE MADE TO UNRESOLVED EXTERNAL
    SYMBOL:  ?_WRITEREADAS399X?BYTE
    MODULE:  C:\Users\lchu\Desktop\NFC RFID\AMS\AS399x_Firmware\as399x.obj (AS399X)

>>     ADDRESS: 1673H

*** WARNING L2: REFERENCE MADE TO UNRESOLVED EXTERNAL
    SYMBOL:  ?_WRITEREADAS399X?BYTE
    MODULE:  C:\Users\lchu\Desktop\NFC RFID\AMS\AS399x_Firmware\as399x.obj (AS399X)

>>     ADDRESS: 1676H

*** WARNING L2: REFERENCE MADE TO UNRESOLVED EXTERNAL
    SYMBOL:  ?_WRITEREADAS399X?BYTE
    MODULE:  C:\Users\lchu\Desktop\NFC RFID\AMS\AS399x_Firmware\as399x.obj (AS399X)

>>     ADDRESS: 167AH

*** WARNING L2: REFERENCE MADE TO UNRESOLVED EXTERNAL
    SYMBOL:  ?_WRITEREADAS399X?BYTE
    MODULE:  C:\Users\lchu\Desktop\NFC RFID\AMS\AS399x_Firmware\as399x.obj (AS399X)

>>     ADDRESS: 167CH

*** WARNING L2: REFERENCE MADE TO UNRESOLVED EXTERNAL
    SYMBOL:  ?_WRITEREADAS399X?BYTE
    MODULE:  C:\Users\lchu\Desktop\NFC RFID\AMS\AS399x_Firmware\as399x.obj (AS399X)

>>     ADDRESS: 167FH

*** WARNING L2: REFERENCE MADE TO UNRESOLVED EXTERNAL
    SYMBOL:  _WRITEREADAS399X
    MODULE:  C:\Users\lchu\Desktop\NFC RFID\AMS\AS399x_Firmware\as399x.obj (AS399X)

>>     ADDRESS: 1683H

*** WARNING L2: REFERENCE MADE TO UNRESOLVED EXTERNAL
    SYMBOL:  ?_WRITEREADAS399X?BYTE
    MODULE:  C:\Users\lchu\Desktop\NFC RFID\AMS\AS399x_Firmware\as399x.obj (AS399X)

>>     ADDRESS: 17B4H

*** WARNING L2: REFERENCE MADE TO UNRESOLVED EXTERNAL
    SYMBOL:  ?_WRITEREADAS399X?BYTE
    MODULE:  C:\Users\lchu\Desktop\NFC RFID\AMS\AS399x_Firmware\as399x.obj (AS399X)

>>     ADDRESS: 17B7H

*** WARNING L2: REFERENCE MADE TO UNRESOLVED EXTERNAL
    SYMBOL:  ?_WRITEREADAS399X?BYTE
    MODULE:  C:\Users\lchu\Desktop\NFC RFID\AMS\AS399x_Firmware\as399x.obj (AS399X)

>>     ADDRESS: 17BAH

*** WARNING L2: REFERENCE MADE TO UNRESOLVED EXTERNAL
    SYMBOL:  ?_WRITEREADAS399X?BYTE
    MODULE:  C:\Users\lchu\Desktop\NFC RFID\AMS\AS399x_Firmware\as399x.obj (AS399X)

>>     ADDRESS: 17BEH

*** WARNING L2: REFERENCE MADE TO UNRESOLVED EXTERNAL
    SYMBOL:  ?_WRITEREADAS399X?BYTE
    MODULE:  C:\Users\lchu\Desktop\NFC RFID\AMS\AS399x_Firmware\as399x.obj (AS399X)

>>     ADDRESS: 17C0H

*** WARNING L2: REFERENCE MADE TO UNRESOLVED EXTERNAL
    SYMBOL:  ?_WRITEREADAS399X?BYTE
    MODULE:  C:\Users\lchu\Desktop\NFC RFID\AMS\AS399x_Firmware\as399x.obj (AS399X)

>>     ADDRESS: 17C2H

*** WARNING L2: REFERENCE MADE TO UNRESOLVED EXTERNAL
    SYMBOL:  _WRITEREADAS399X
    MODULE:  C:\Users\lchu\Desktop\NFC RFID\AMS\AS399x_Firmware\as399x.obj (AS399X)

>>     ADDRESS: 17CCH

*** WARNING L2: REFERENCE MADE TO UNRESOLVED EXTERNAL
    SYMBOL:  ?_WRITEREADAS399X?BYTE
    MODULE:  C:\Users\lchu\Desktop\NFC RFID\AMS\AS399x_Firmware\as399x.obj (AS399X)

>>     ADDRESS: 17CFH

*** WARNING L2: REFERENCE MADE TO UNRESOLVED EXTERNAL
    SYMBOL:  ?_WRITEREADAS399X?BYTE
    MODULE:  C:\Users\lchu\Desktop\NFC RFID\AMS\AS399x_Firmware\as399x.obj (AS399X)

>>     ADDRESS: 17D2H

*** WARNING L2: REFERENCE MADE TO UNRESOLVED EXTERNAL
    SYMBOL:  ?_WRITEREADAS399X?BYTE
    MODULE:  C:\Users\lchu\Desktop\NFC RFID\AMS\AS399x_Firmware\as399x.obj (AS399X)

>>     ADDRESS: 17D5H

*** WARNING L2: REFERENCE MADE TO UNRESOLVED EXTERNAL
    SYMBOL:  ?_WRITEREADAS399X?BYTE
    MODULE:  C:\Users\lchu\Desktop\NFC RFID\AMS\AS399x_Firmware\as399x.obj (AS399X)

>>     ADDRESS: 17D9H

*** WARNING L2: REFERENCE MADE TO UNRESOLVED EXTERNAL
    SYMBOL:  ?_WRITEREADAS399X?BYTE
    MODULE:  C:\Users\lchu\Desktop\NFC RFID\AMS\AS399x_Firmware\as399x.obj (AS399X)

>>     ADDRESS: 17DBH

*** WARNING L2: REFERENCE MADE TO UNRESOLVED EXTERNAL
    SYMBOL:  ?_WRITEREADAS399X?BYTE
    MODULE:  C:\Users\lchu\Desktop\NFC RFID\AMS\AS399x_Firmware\as399x.obj (AS399X)

>>     ADDRESS: 17DEH

*** WARNING L2: REFERENCE MADE TO UNRESOLVED EXTERNAL
    SYMBOL:  _WRITEREADAS399X
    MODULE:  C:\Users\lchu\Desktop\NFC RFID\AMS\AS399x_Firmware\as399x.obj (AS399X)

>>     ADDRESS: 17E8H

*** WARNING L2: REFERENCE MADE TO UNRESOLVED EXTERNAL
    SYMBOL:  ?_WRITEREADAS399X?BYTE
    MODULE:  C:\Users\lchu\Desktop\NFC RFID\AMS\AS399x_Firmware\as399x.obj (AS399X)

>>     ADDRESS: 1931H

*** WARNING L2: REFERENCE MADE TO UNRESOLVED EXTERNAL
    SYMBOL:  ?_WRITEREADAS399X?BYTE
    MODULE:  C:\Users\lchu\Desktop\NFC RFID\AMS\AS399x_Firmware\as399x.obj (AS399X)

>>     ADDRESS: 1934H

*** WARNING L2: REFERENCE MADE TO UNRESOLVED EXTERNAL
    SYMBOL:  ?_WRITEREADAS399X?BYTE
    MODULE:  C:\Users\lchu\Desktop\NFC RFID\AMS\AS399x_Firmware\as399x.obj (AS399X)

>>     ADDRESS: 1937H

*** WARNING L2: REFERENCE MADE TO UNRESOLVED EXTERNAL
    SYMBOL:  ?_WRITEREADAS399X?BYTE
    MODULE:  C:\Users\lchu\Desktop\NFC RFID\AMS\AS399x_Firmware\as399x.obj (AS399X)

>>     ADDRESS: 193BH

*** WARNING L2: REFERENCE MADE TO UNRESOLVED EXTERNAL
    SYMBOL:  ?_WRITEREADAS399X?BYTE
    MODULE:  C:\Users\lchu\Desktop\NFC RFID\AMS\AS399x_Firmware\as399x.obj (AS399X)

>>     ADDRESS: 193DH

*** WARNING L2: REFERENCE MADE TO UNRESOLVED EXTERNAL
    SYMBOL:  ?_WRITEREADAS399X?BYTE
    MODULE:  C:\Users\lchu\Desktop\NFC RFID\AMS\AS399x_Firmware\as399x.obj (AS399X)

>>     ADDRESS: 1940H

*** WARNING L2: REFERENCE MADE TO UNRESOLVED EXTERNAL
    SYMBOL:  _WRITEREADAS399X
    MODULE:  C:\Users\lchu\Desktop\NFC RFID\AMS\AS399x_Firmware\as399x.obj (AS399X)

>>     ADDRESS: 194AH

*** WARNING L2: REFERENCE MADE TO UNRESOLVED EXTERNAL
    SYMBOL:  ?_WRITEREADAS399X?BYTE
    MODULE:  C:\Users\lchu\Desktop\NFC RFID\AMS\AS399x_Firmware\as399x.obj (AS399X)

>>     ADDRESS: 17F3H

*** WARNING L2: REFERENCE MADE TO UNRESOLVED EXTERNAL
    SYMBOL:  ?_WRITEREADAS399X?BYTE
    MODULE:  C:\Users\lchu\Desktop\NFC RFID\AMS\AS399x_Firmware\as399x.obj (AS399X)

>>     ADDRESS: 17F6H

*** WARNING L2: REFERENCE MADE TO UNRESOLVED EXTERNAL
    SYMBOL:  ?_WRITEREADAS399X?BYTE
    MODULE:  C:\Users\lchu\Desktop\NFC RFID\AMS\AS399x_Firmware\as399x.obj (AS399X)

>>     ADDRESS: 17F9H

*** WARNING L2: REFERENCE MADE TO UNRESOLVED EXTERNAL
    SYMBOL:  ?_WRITEREADAS399X?BYTE
    MODULE:  C:\Users\lchu\Desktop\NFC RFID\AMS\AS399x_Firmware\as399x.obj (AS399X)

>>     ADDRESS: 17FDH

*** WARNING L2: REFERENCE MADE TO UNRESOLVED EXTERNAL
    SYMBOL:  ?_WRITEREADAS399X?BYTE
    MODULE:  C:\Users\lchu\Desktop\NFC RFID\AMS\AS399x_Firmware\as399x.obj (AS399X)

>>     ADDRESS: 17FFH

*** WARNING L2: REFERENCE MADE TO UNRESOLVED EXTERNAL
    SYMBOL:  ?_WRITEREADAS399X?BYTE
    MODULE:  C:\Users\lchu\Desktop\NFC RFID\AMS\AS399x_Firmware\as399x.obj (AS399X)

>>     ADDRESS: 1801H

*** WARNING L2: REFERENCE MADE TO UNRESOLVED EXTERNAL
    SYMBOL:  _WRITEREADAS399X
    MODULE:  C:\Users\lchu\Desktop\NFC RFID\AMS\AS399x_Firmware\as399x.obj (AS399X)

>>     ADDRESS: 1804H

*** WARNING L2: REFERENCE MADE TO UNRESOLVED EXTERNAL
    SYMBOL:  ?_WRITEREADAS399X?BYTE
    MODULE:  C:\Users\lchu\Desktop\NFC RFID\AMS\AS399x_Firmware\as399x.obj (AS399X)

>>     ADDRESS: 1807H

*** WARNING L2: REFERENCE MADE TO UNRESOLVED EXTERNAL
    SYMBOL:  ?_WRITEREADAS399X?BYTE
    MODULE:  C:\Users\lchu\Desktop\NFC RFID\AMS\AS399x_Firmware\as399x.obj (AS399X)

>>     ADDRESS: 180AH

*** WARNING L2: REFERENCE MADE TO UNRESOLVED EXTERNAL
    SYMBOL:  ?_WRITEREADAS399X?BYTE
    MODULE:  C:\Users\lchu\Desktop\NFC RFID\AMS\AS399x_Firmware\as399x.obj (AS399X)

>>     ADDRESS: 180DH

*** WARNING L2: REFERENCE MADE TO UNRESOLVED EXTERNAL
    SYMBOL:  ?_WRITEREADAS399X?BYTE
    MODULE:  C:\Users\lchu\Desktop\NFC RFID\AMS\AS399x_Firmware\as399x.obj (AS399X)

>>     ADDRESS: 1811H

*** WARNING L2: REFERENCE MADE TO UNRESOLVED EXTERNAL
    SYMBOL:  ?_WRITEREADAS399X?BYTE
    MODULE:  C:\Users\lchu\Desktop\NFC RFID\AMS\AS399x_Firmware\as399x.obj (AS399X)

>>     ADDRESS: 1813H

*** WARNING L2: REFERENCE MADE TO UNRESOLVED EXTERNAL
    SYMBOL:  ?_WRITEREADAS399X?BYTE
    MODULE:  C:\Users\lchu\Desktop\NFC RFID\AMS\AS399x_Firmware\as399x.obj (AS399X)

>>     ADDRESS: 1815H

*** WARNING L2: REFERENCE MADE TO UNRESOLVED EXTERNAL
    SYMBOL:  _WRITEREADAS399X
    MODULE:  C:\Users\lchu\Desktop\NFC RFID\AMS\AS399x_Firmware\as399x.obj (AS399X)

>>     ADDRESS: 181EH

*** WARNING L2: REFERENCE MADE TO UNRESOLVED EXTERNAL
    SYMBOL:  ?_WRITEREADAS399X?BYTE
    MODULE:  C:\Users\lchu\Desktop\NFC RFID\AMS\AS399x_Firmware\as399x.obj (AS399X)

>>     ADDRESS: 1821H

*** WARNING L2: REFERENCE MADE TO UNRESOLVED EXTERNAL
    SYMBOL:  ?_WRITEREADAS399X?BYTE
    MODULE:  C:\Users\lchu\Desktop\NFC RFID\AMS\AS399x_Firmware\as399x.obj (AS399X)

>>     ADDRESS: 1824H

*** WARNING L2: REFERENCE MADE TO UNRESOLVED EXTERNAL
    SYMBOL:  ?_WRITEREADAS399X?BYTE
    MODULE:  C:\Users\lchu\Desktop\NFC RFID\AMS\AS399x_Firmware\as399x.obj (AS399X)

>>     ADDRESS: 1827H

*** WARNING L2: REFERENCE MADE TO UNRESOLVED EXTERNAL
    SYMBOL:  ?_WRITEREADAS399X?BYTE
    MODULE:  C:\Users\lchu\Desktop\NFC RFID\AMS\AS399x_Firmware\as399x.obj (AS399X)

>>     ADDRESS: 182BH

*** WARNING L2: REFERENCE MADE TO UNRESOLVED EXTERNAL
    SYMBOL:  ?_WRITEREADAS399X?BYTE
    MODULE:  C:\Users\lchu\Desktop\NFC RFID\AMS\AS399x_Firmware\as399x.obj (AS399X)

>>     ADDRESS: 182DH

*** WARNING L2: REFERENCE MADE TO UNRESOLVED EXTERNAL
    SYMBOL:  ?_WRITEREADAS399X?BYTE
    MODULE:  C:\Users\lchu\Desktop\NFC RFID\AMS\AS399x_Firmware\as399x.obj (AS399X)

>>     ADDRESS: 1830H

*** WARNING L2: REFERENCE MADE TO UNRESOLVED EXTERNAL
    SYMBOL:  _WRITEREADAS399X
    MODULE:  C:\Users\lchu\Desktop\NFC RFID\AMS\AS399x_Firmware\as399x.obj (AS399X)

>>     ADDRESS: 183AH

*** WARNING L2: REFERENCE MADE TO UNRESOLVED EXTERNAL
    SYMBOL:  _TIMERSTART_US
    MODULE:  C:\Users\lchu\Desktop\NFC RFID\AMS\AS399x_Firmware\as399x.obj (AS399X)

>>     ADDRESS: 176AH

*** WARNING L2: REFERENCE MADE TO UNRESOLVED EXTERNAL
    SYMBOL:  ?_CON_PRINT?BYTE
    MODULE:  C:\Users\lchu\Desktop\NFC RFID\AMS\AS399x_Firmware\as399x.obj (AS399X)

>>     ADDRESS: 1787H

*** WARNING L2: REFERENCE MADE TO UNRESOLVED EXTERNAL
    SYMBOL:  ?_CON_PRINT?BYTE
    MODULE:  C:\Users\lchu\Desktop\NFC RFID\AMS\AS399x_Firmware\as399x.obj (AS399X)

>>     ADDRESS: 178AH

*** WARNING L2: REFERENCE MADE TO UNRESOLVED EXTERNAL
    SYMBOL:  ?_CON_PRINT?BYTE
    MODULE:  C:\Users\lchu\Desktop\NFC RFID\AMS\AS399x_Firmware\as399x.obj (AS399X)

>>     ADDRESS: 178DH

*** WARNING L2: REFERENCE MADE TO UNRESOLVED EXTERNAL
    SYMBOL:  ?_CON_PRINT?BYTE
    MODULE:  C:\Users\lchu\Desktop\NFC RFID\AMS\AS399x_Firmware\as399x.obj (AS399X)

>>     ADDRESS: 1790H

*** WARNING L2: REFERENCE MADE TO UNRESOLVED EXTERNAL
    SYMBOL:  _CON_PRINT
    MODULE:  C:\Users\lchu\Desktop\NFC RFID\AMS\AS399x_Firmware\as399x.obj (AS399X)

>>     ADDRESS: 1792H

*** WARNING L2: REFERENCE MADE TO UNRESOLVED EXTERNAL
    SYMBOL:  ?_CON_PRINT?BYTE
    MODULE:  C:\Users\lchu\Desktop\NFC RFID\AMS\AS399x_Firmware\as399x.obj (AS399X)

>>     ADDRESS: 1871H

*** WARNING L2: REFERENCE MADE TO UNRESOLVED EXTERNAL
    SYMBOL:  ?_CON_PRINT?BYTE
    MODULE:  C:\Users\lchu\Desktop\NFC RFID\AMS\AS399x_Firmware\as399x.obj (AS399X)

>>     ADDRESS: 1874H

*** WARNING L2: REFERENCE MADE TO UNRESOLVED EXTERNAL
    SYMBOL:  ?_CON_PRINT?BYTE
    MODULE:  C:\Users\lchu\Desktop\NFC RFID\AMS\AS399x_Firmware\as399x.obj (AS399X)

>>     ADDRESS: 1877H

*** WARNING L2: REFERENCE MADE TO UNRESOLVED EXTERNAL
    SYMBOL:  ?_CON_PRINT?BYTE
    MODULE:  C:\Users\lchu\Desktop\NFC RFID\AMS\AS399x_Firmware\as399x.obj (AS399X)

>>     ADDRESS: 187AH

*** WARNING L2: REFERENCE MADE TO UNRESOLVED EXTERNAL
    SYMBOL:  _CON_PRINT
    MODULE:  C:\Users\lchu\Desktop\NFC RFID\AMS\AS399x_Firmware\as399x.obj (AS399X)

>>     ADDRESS: 187CH

*** WARNING L2: REFERENCE MADE TO UNRESOLVED EXTERNAL
    SYMBOL:  _MDELAY
    MODULE:  C:\Users\lchu\Desktop\NFC RFID\AMS\AS399x_Firmware\as399x.obj (AS399X)

>>     ADDRESS: 1618H

*** WARNING L2: REFERENCE MADE TO UNRESOLVED EXTERNAL
    SYMBOL:  SETPORTDIRECT
    MODULE:  C:\Users\lchu\Desktop\NFC RFID\AMS\AS399x_Firmware\as399x.obj (AS399X)

>>     ADDRESS: 161DH

*** WARNING L2: REFERENCE MADE TO UNRESOLVED EXTERNAL
    SYMBOL:  SETPORTNORMAL
    MODULE:  C:\Users\lchu\Desktop\NFC RFID\AMS\AS399x_Firmware\as399x.obj (AS399X)

>>     ADDRESS: 188FH

*** WARNING L2: REFERENCE MADE TO UNRESOLVED EXTERNAL
    SYMBOL:  _UDELAY
    MODULE:  C:\Users\lchu\Desktop\NFC RFID\AMS\AS399x_Firmware\as399x.obj (AS399X)

>>     ADDRESS: 1220H

*** WARNING L2: REFERENCE MADE TO UNRESOLVED EXTERNAL
    SYMBOL:  _UDELAY
    MODULE:  C:\Users\lchu\Desktop\NFC RFID\AMS\AS399x_Firmware\as399x.obj (AS399X)

>>     ADDRESS: 1249H

*** WARNING L2: REFERENCE MADE TO UNRESOLVED EXTERNAL
    SYMBOL:  _MDELAY
    MODULE:  C:\Users\lchu\Desktop\NFC RFID\AMS\AS399x_Firmware\as399x.obj (AS399X)

>>     ADDRESS: 1286H

*** WARNING L2: REFERENCE MADE TO UNRESOLVED EXTERNAL
    SYMBOL:  ?_CON_PRINT?BYTE
    MODULE:  C:\Users\lchu\Desktop\NFC RFID\AMS\AS399x_Firmware\as399x.obj (AS399X)

>>     ADDRESS: 14D4H

*** WARNING L2: REFERENCE MADE TO UNRESOLVED EXTERNAL
    SYMBOL:  _CON_PRINT
    MODULE:  C:\Users\lchu\Desktop\NFC RFID\AMS\AS399x_Firmware\as399x.obj (AS399X)

>>     ADDRESS: 14D6H

*** WARNING L2: REFERENCE MADE TO UNRESOLVED EXTERNAL
    SYMBOL:  ?_CON_PRINT?BYTE
    MODULE:  C:\Users\lchu\Desktop\NFC RFID\AMS\AS399x_Firmware\as399x.obj (AS399X)

>>     ADDRESS: 150BH

*** WARNING L2: REFERENCE MADE TO UNRESOLVED EXTERNAL
    SYMBOL:  _CON_PRINT
    MODULE:  C:\Users\lchu\Desktop\NFC RFID\AMS\AS399x_Firmware\as399x.obj (AS399X)

>>     ADDRESS: 150DH

*** WARNING L2: REFERENCE MADE TO UNRESOLVED EXTERNAL
    SYMBOL:  ?_CON_PRINT?BYTE
    MODULE:  C:\Users\lchu\Desktop\NFC RFID\AMS\AS399x_Firmware\as399x.obj (AS399X)

>>     ADDRESS: 1517H

*** WARNING L2: REFERENCE MADE TO UNRESOLVED EXTERNAL
    SYMBOL:  _CON_PRINT
    MODULE:  C:\Users\lchu\Desktop\NFC RFID\AMS\AS399x_Firmware\as399x.obj (AS399X)

>>     ADDRESS: 1519H

*** WARNING L2: REFERENCE MADE TO UNRESOLVED EXTERNAL
    SYMBOL:  ?_CON_PRINT?BYTE
    MODULE:  C:\Users\lchu\Desktop\NFC RFID\AMS\AS399x_Firmware\as399x.obj (AS399X)

>>     ADDRESS: 1523H

*** WARNING L2: REFERENCE MADE TO UNRESOLVED EXTERNAL
    SYMBOL:  ?_CON_PRINT?BYTE
    MODULE:  C:\Users\lchu\Desktop\NFC RFID\AMS\AS399x_Firmware\as399x.obj (AS399X)

>>     ADDRESS: 1532H

*** WARNING L2: REFERENCE MADE TO UNRESOLVED EXTERNAL
    SYMBOL:  _CON_PRINT
    MODULE:  C:\Users\lchu\Desktop\NFC RFID\AMS\AS399x_Firmware\as399x.obj (AS399X)

>>     ADDRESS: 1534H

*** WARNING L2: REFERENCE MADE TO UNRESOLVED EXTERNAL
    SYMBOL:  _MDELAY
    MODULE:  C:\Users\lchu\Desktop\NFC RFID\AMS\AS399x_Firmware\as399x.obj (AS399X)

>>     ADDRESS: 1AF2H

*** WARNING L2: REFERENCE MADE TO UNRESOLVED EXTERNAL
    SYMBOL:  _MDELAY
    MODULE:  C:\Users\lchu\Desktop\NFC RFID\AMS\AS399x_Firmware\as399x.obj (AS399X)

>>     ADDRESS: 16DBH

*** WARNING L2: REFERENCE MADE TO UNRESOLVED EXTERNAL
    SYMBOL:  _MDELAY
    MODULE:  C:\Users\lchu\Desktop\NFC RFID\AMS\AS399x_Firmware\as399x.obj (AS399X)

>>     ADDRESS: 16E8H

*** WARNING L2: REFERENCE MADE TO UNRESOLVED EXTERNAL
    SYMBOL:  _UDELAY
    MODULE:  C:\Users\lchu\Desktop\NFC RFID\AMS\AS399x_Firmware\as399x.obj (AS399X)

>>     ADDRESS: 19FFH

*** WARNING L2: REFERENCE MADE TO UNRESOLVED EXTERNAL
    SYMBOL:  _MDELAY
    MODULE:  C:\Users\lchu\Desktop\NFC RFID\AMS\AS399x_Firmware\as399x.obj (AS399X)

>>     ADDRESS: 1027H

*** WARNING L2: REFERENCE MADE TO UNRESOLVED EXTERNAL
    SYMBOL:  _MDELAY
    MODULE:  C:\Users\lchu\Desktop\NFC RFID\AMS\AS399x_Firmware\as399x.obj (AS399X)

>>     ADDRESS: 111AH

*** WARNING L2: REFERENCE MADE TO UNRESOLVED EXTERNAL
    SYMBOL:  _UDELAY
    MODULE:  C:\Users\lchu\Desktop\NFC RFID\AMS\AS399x_Firmware\as399x.obj (AS399X)

>>     ADDRESS: 1984H

*** WARNING L2: REFERENCE MADE TO UNRESOLVED EXTERNAL
    SYMBOL:  _MDELAY
    MODULE:  C:\Users\lchu\Desktop\NFC RFID\AMS\AS399x_Firmware\as399x.obj (AS399X)

>>     ADDRESS: 12E3H

*** WARNING L2: REFERENCE MADE TO UNRESOLVED EXTERNAL
    SYMBOL:  _MDELAY
    MODULE:  C:\Users\lchu\Desktop\NFC RFID\AMS\AS399x_Firmware\as399x.obj (AS399X)

>>     ADDRESS: 12FCH

*** WARNING L2: REFERENCE MADE TO UNRESOLVED EXTERNAL
    SYMBOL:  _MDELAY
    MODULE:  C:\Users\lchu\Desktop\NFC RFID\AMS\AS399x_Firmware\as399x.obj (AS399X)

>>     ADDRESS: 13FDH

*** WARNING L2: REFERENCE MADE TO UNRESOLVED EXTERNAL
    SYMBOL:  _MDELAY
    MODULE:  C:\Users\lchu\Desktop\NFC RFID\AMS\AS399x_Firmware\as399x.obj (AS399X)

>>     ADDRESS: 1410H

*** WARNING L2: REFERENCE MADE TO UNRESOLVED EXTERNAL
    SYMBOL:  _MDELAY
    MODULE:  C:\Users\lchu\Desktop\NFC RFID\AMS\AS399x_Firmware\as399x.obj (AS399X)

>>     ADDRESS: 1A47H

*** WARNING L2: REFERENCE MADE TO UNRESOLVED EXTERNAL
    SYMBOL:  _MDELAY
    MODULE:  C:\Users\lchu\Desktop\NFC RFID\AMS\AS399x_Firmware\as399x.obj (AS399X)

>>     ADDRESS: 14C2H

*** WARNING L2: REFERENCE MADE TO UNRESOLVED EXTERNAL
    SYMBOL:  _MDELAY
    MODULE:  C:\Users\lchu\Desktop\NFC RFID\AMS\AS399x_Firmware\as399x.obj (AS399X)

>>     ADDRESS: 154DH

*** WARNING L2: REFERENCE MADE TO UNRESOLVED EXTERNAL
    SYMBOL:  _UDELAY
    MODULE:  C:\Users\lchu\Desktop\NFC RFID\AMS\AS399x_Firmware\as399x.obj (AS399X)

>>     ADDRESS: 15A8H

******************************************************************************
* RESTRICTED VERSION WITH 0800H BYTE CODE SIZE LIMIT; USED: 111DH BYTE (213%) *
******************************************************************************

>> 
>> 
>> 
Program Size: data=199.0 xdata=0 code=4876
LINK/LOCATE RUN COMPLETE.  184 WARNING(S),  22 ERROR(S)

*** WARNING L16: UNCALLED SEGMENT, IGNORED FOR OVERLAY PROCESS
    SEGMENT: ?PR?_AS399XINITIALIZE?AS399X

*** WARNING L16: UNCALLED SEGMENT, IGNORED FOR OVERLAY PROCESS
    SEGMENT: ?PR?_AS399XCONTINUOUSCOMMAND?AS399X

*** WARNING L16: UNCALLED SEGMENT, IGNORED FOR OVERLAY PROCESS
    SEGMENT: ?PR?_AS399XFIFOREAD?AS399X

*** WARNING L16: UNCALLED SEGMENT, IGNORED FOR OVERLAY PROCESS
    SEGMENT: ?PR?_AS399XCOMMANDCONTINUOUSADDRESS?AS399X

*** WARNING L16: UNCALLED SEGMENT, IGNORED FOR OVERLAY PROCESS
    SEGMENT: ?PR?AS399XSWITCHTOIDLEMODE?AS399X

*** WARNING L16: UNCALLED SEGMENT, IGNORED FOR OVERLAY PROCESS
    SEGMENT: ?PR?_AS399XWAITFORRESPONSETIMED?AS399X

*** WARNING L16: UNCALLED SEGMENT, IGNORED FOR OVERLAY PROCESS
    SEGMENT: ?PR?AS399XENTERDIRECTMODE?AS399X

*** WARNING L16: UNCALLED SEGMENT, IGNORED FOR OVERLAY PROCESS
    SEGMENT: ?PR?AS399XEXITDIRECTMODE?AS399X

*** WARNING L16: UNCALLED SEGMENT, IGNORED FOR OVERLAY PROCESS
    SEGMENT: ?PR?AS399XMEMORYDUMP?AS399X

*** WARNING L16: UNCALLED SEGMENT, IGNORED FOR OVERLAY PROCESS
    SEGMENT: ?PR?_AS399XANTENNAPOWER?AS399X

*** WARNING L16: UNCALLED SEGMENT, IGNORED FOR OVERLAY PROCESS
    SEGMENT: ?PR?AS399XSAVESENSITIVITY?AS399X

*** WARNING L16: UNCALLED SEGMENT, IGNORED FOR OVERLAY PROCESS
    SEGMENT: ?PR?AS399XRESTORESENSITIVITY?AS399X

*** WARNING L16: UNCALLED SEGMENT, IGNORED FOR OVERLAY PROCESS
    SEGMENT: ?PR?AS399XGETSENSITIVITY?AS399X

*** WARNING L16: UNCALLED SEGMENT, IGNORED FOR OVERLAY PROCESS
    SEGMENT: ?PR?_AS399XGETRSSI?AS399X

*** WARNING L16: UNCALLED SEGMENT, IGNORED FOR OVERLAY PROCESS
    SEGMENT: ?PR?_AS399XWRITEDAC?AS399X

*** WARNING L16: UNCALLED SEGMENT, IGNORED FOR OVERLAY PROCESS
    SEGMENT: ?PR?AS399XREADDAC?AS399X

*** WARNING L16: UNCALLED SEGMENT, IGNORED FOR OVERLAY PROCESS
    SEGMENT: ?PR?AS399XGETADC_MV?AS399X

*** WARNING L16: UNCALLED SEGMENT, IGNORED FOR OVERLAY PROCESS
    SEGMENT: ?PR?AS399XGETREFLECTEDPOWER?AS399X

*** WARNING L16: UNCALLED SEGMENT, IGNORED FOR OVERLAY PROCESS
    SEGMENT: ?PR?AS399XGETREFLECTEDPOWERNOISELEVEL?AS399X

*** WARNING L16: UNCALLED SEGMENT, IGNORED FOR OVERLAY PROCESS
    SEGMENT: ?PR?AS399XENTERSTANDBYMODE?AS399X

*** WARNING L16: UNCALLED SEGMENT, IGNORED FOR OVERLAY PROCESS
    SEGMENT: ?PR?AS399XEXITSTANDBYMODE?AS399X

*** WARNING L16: UNCALLED SEGMENT, IGNORED FOR OVERLAY PROCESS
    SEGMENT: ?C_INITSEG

*** ERROR L107: ADDRESS SPACE OVERFLOW
    SPACE:   DATA    
    SEGMENT: ?DT?AS399XLOCKPLL?AS399X
    LENGTH:  0007H

*** ERROR L107: ADDRESS SPACE OVERFLOW
    SPACE:   DATA    
    SEGMENT: ?DT?AS399XGETREFLECTEDPOWER?AS399X
    LENGTH:  0007H

*** ERROR L107: ADDRESS SPACE OVERFLOW
    SPACE:   DATA    
    SEGMENT: ?DT?_AS399XWRITEPREDISTORTION?AS399X
    LENGTH:  0005H

*** ERROR L107: ADDRESS SPACE OVERFLOW
    SPACE:   DATA    
    SEGMENT: ?DT?_AS399XCONTINUOUSWRITE?AS399X
    LENGTH:  0005H

*** ERROR L107: ADDRESS SPACE OVERFLOW
    SPACE:   DATA    
    SEGMENT: ?DT?AS399XMEMORYDUMP?AS399X
    LENGTH:  0005H

*** ERROR L107: ADDRESS SPACE OVERFLOW
    SPACE:   DATA    
    SEGMENT: ?DT?_AS399XANTENNAPOWER?AS399X
    LENGTH:  0005H

*** ERROR L107: ADDRESS SPACE OVERFLOW
    SPACE:   DATA    
    SEGMENT: ?DT?_AS399XCONTINUOUSREAD?AS399X
    LENGTH:  0004H

*** ERROR L107: ADDRESS SPACE OVERFLOW
    SPACE:   DATA    
    SEGMENT: ?DT?_AS399XWAITFORRESPONSETIMED?AS399X
    LENGTH:  0004H

*** ERROR L107: ADDRESS SPACE OVERFLOW
    SPACE:   DATA    
    SEGMENT: ?DT?AS399XENTERDIRECTMODE?AS399X
    LENGTH:  0004H

*** ERROR L107: ADDRESS SPACE OVERFLOW
    SPACE:   DATA    
    SEGMENT: ?DT?_AS399XSETSENSITIVITY?AS399X
    LENGTH:  0004H

*** ERROR L107: ADDRESS SPACE OVERFLOW
    SPACE:   DATA    
    SEGMENT: ?DT?AS399XENTERPOWERDOWNMODE?AS399X
    LENGTH:  0004H

*** ERROR L107: ADDRESS SPACE OVERFLOW
    SPACE:   DATA    
    SEGMENT: ?DT?_AS399XSINGLEWRITENOSTOP?AS399X
    LENGTH:  0002H

*** ERROR L107: ADDRESS SPACE OVERFLOW
    SPACE:   DATA    
    SEGMENT: ?DT?_AS399XSINGLEREAD?AS399X
    LENGTH:  0002H

*** ERROR L107: ADDRESS SPACE OVERFLOW
    SPACE:   DATA    
    SEGMENT: ?DT?_AS399XSINGLEWRITE?AS399X
    LENGTH:  0002H

*** ERROR L107: ADDRESS SPACE OVERFLOW
    SPACE:   DATA    
    SEGMENT: ?DT?_AS399XWAITFORRESPONSE?AS399X
    LENGTH:  0002H

*** ERROR L107: ADDRESS SPACE OVERFLOW
    SPACE:   DATA    
    SEGMENT: ?DT?AS399XGETSENSITIVITY?AS399X
    LENGTH:  0002H

*** ERROR L107: ADDRESS SPACE OVERFLOW
    SPACE:   DATA    
    SEGMENT: ?DT?AS399XEXITPOWERDOWNMODE?AS399X
    LENGTH:  0002H

*** ERROR L107: ADDRESS SPACE OVERFLOW
    SPACE:   DATA    
    SEGMENT: _DATA_GROUP_
    LENGTH:  0002H

*** ERROR L107: ADDRESS SPACE OVERFLOW
    SPACE:   DATA    
    SEGMENT: ?DT?_AS399XSINGLECOMMAND?AS399X
    LENGTH:  0001H

*** ERROR L107: ADDRESS SPACE OVERFLOW
    SPACE:   DATA    
    SEGMENT: ?DT?_AS399XSELECTLINKFREQUENCY?AS399X
    LENGTH:  0001H

*** ERROR L107: ADDRESS SPACE OVERFLOW
    SPACE:   DATA    
    SEGMENT: ?DT?AS399XGETRAWRSSI?AS399X
    LENGTH:  0001H

*** WARNING L1: UNRESOLVED EXTERNAL SYMBOL
    SYMBOL:  _TIMERSTART_US
    MODULE:  C:\Users\lchu\Desktop\NFC RFID\AMS\AS399x_Firmware\as399x.obj (AS399X)

>> 
*** WARNING L1: UNRESOLVED EXTERNAL SYMBOL
    SYMBOL:  _MDELAY
    MODULE:  C:\Users\lchu\Desktop\NFC RFID\AMS\AS399x_Firmware\as399x.obj (AS399X)

>> 
*** WARNING L1: UNRESOLVED EXTERNAL SYMBOL
    SYMBOL:  _UDELAY
    MODULE:  C:\Users\lchu\Desktop\NFC RFID\AMS\AS399x_Firmware\as399x.obj (AS399X)

>> 
*** WARNING L1: UNRESOLVED EXTERNAL SYMBOL
    SYMBOL:  _WRITEREADAS399XISR
    MODULE:  C:\Users\lchu\Desktop\NFC RFID\AMS\AS399x_Firmware\as399x.obj (AS399X)

>> 
*** WARNING L1: UNRESOLVED EXTERNAL SYMBOL
    SYMBOL:  SETPORTDIRECT
    MODULE:  C:\Users\lchu\Desktop\NFC RFID\AMS\AS399x_Firmware\as399x.obj (AS399X)

>> 
*** WARNING L1: UNRESOLVED EXTERNAL SYMBOL
    SYMBOL:  _WRITEREADAS399X
    MODULE:  C:\Users\lchu\Desktop\NFC RFID\AMS\AS399x_Firmware\as399x.obj (AS399X)

>> 
*** WARNING L1: UNRESOLVED EXTERNAL SYMBOL
    SYMBOL:  ?_WRITEREADAS399X?BYTE
    MODULE:  C:\Users\lchu\Desktop\NFC RFID\AMS\AS399x_Firmware\as399x.obj (AS399X)

>> 
*** WARNING L1: UNRESOLVED EXTERNAL SYMBOL
    SYMBOL:  SETPORTNORMAL
    MODULE:  C:\Users\lchu\Desktop\NFC RFID\AMS\AS399x_Firmware\as399x.obj (AS399X)

>> 
*** WARNING L1: UNRESOLVED EXTERNAL SYMBOL
    SYMBOL:  _CON_PRINT
    MODULE:  C:\Users\lchu\Desktop\NFC RFID\AMS\AS399x_Firmware\as399x.obj (AS399X)

>> 
*** WARNING L1: UNRESOLVED EXTERNAL SYMBOL
    SYMBOL:  ?_CON_PRINT?BYTE
    MODULE:  C:\Users\lchu\Desktop\NFC RFID\AMS\AS399x_Firmware\as399x.obj (AS399X)

>> 
*** ERROR L105: PUBLIC REFERS TO IGNORED SEGMENT
    SYMBOL:  ?_AS399XCONTINUOUSWRITE?BYTE
    SEGMENT: ?DT?_AS399XCONTINUOUSWRITE?AS399X

*** WARNING L2: REFERENCE MADE TO UNRESOLVED EXTERNAL
    SYMBOL:  ?_CON_PRINT?BYTE
    MODULE:  C:\Users\lchu\Desktop\NFC RFID\AMS\AS399x_Firmware\as399x.obj (AS399X)

>>     ADDRESS: 0858H

*** WARNING L2: REFERENCE MADE TO UNRESOLVED EXTERNAL
    SYMBOL:  ?_CON_PRINT?BYTE
    MODULE:  C:\Users\lchu\Desktop\NFC RFID\AMS\AS399x_Firmware\as399x.obj (AS399X)

>>     ADDRESS: 085BH

*** WARNING L2: REFERENCE MADE TO UNRESOLVED EXTERNAL
    SYMBOL:  ?_CON_PRINT?BYTE
    MODULE:  C:\Users\lchu\Desktop\NFC RFID\AMS\AS399x_Firmware\as399x.obj (AS399X)

>>     ADDRESS: 085EH

*** WARNING L2: REFERENCE MADE TO UNRESOLVED EXTERNAL
    SYMBOL:  ?_CON_PRINT?BYTE
    MODULE:  C:\Users\lchu\Desktop\NFC RFID\AMS\AS399x_Firmware\as399x.obj (AS399X)

>>     ADDRESS: 0861H

*** WARNING L2: REFERENCE MADE TO UNRESOLVED EXTERNAL
    SYMBOL:  _MDELAY
    MODULE:  C:\Users\lchu\Desktop\NFC RFID\AMS\AS399x_Firmware\as399x.obj (AS399X)

>>     ADDRESS: 086CH

*** WARNING L2: REFERENCE MADE TO UNRESOLVED EXTERNAL
    SYMBOL:  _MDELAY
    MODULE:  C:\Users\lchu\Desktop\NFC RFID\AMS\AS399x_Firmware\as399x.obj (AS399X)

>>     ADDRESS: 0875H

*** WARNING L2: REFERENCE MADE TO UNRESOLVED EXTERNAL
    SYMBOL:  _CON_PRINT
    MODULE:  C:\Users\lchu\Desktop\NFC RFID\AMS\AS399x_Firmware\as399x.obj (AS399X)

>>     ADDRESS: 0926H

*** WARNING L2: REFERENCE MADE TO UNRESOLVED EXTERNAL
    SYMBOL:  ?_CON_PRINT?BYTE
    MODULE:  C:\Users\lchu\Desktop\NFC RFID\AMS\AS399x_Firmware\as399x.obj (AS399X)

>>     ADDRESS: 0970H

*** WARNING L2: REFERENCE MADE TO UNRESOLVED EXTERNAL
    SYMBOL:  _CON_PRINT
    MODULE:  C:\Users\lchu\Desktop\NFC RFID\AMS\AS399x_Firmware\as399x.obj (AS399X)

>>     ADDRESS: 0978H

*** WARNING L2: REFERENCE MADE TO UNRESOLVED EXTERNAL
    SYMBOL:  _CON_PRINT
    MODULE:  C:\Users\lchu\Desktop\NFC RFID\AMS\AS399x_Firmware\as399x.obj (AS399X)

>>     ADDRESS: 099BH

*** WARNING L2: REFERENCE MADE TO UNRESOLVED EXTERNAL
    SYMBOL:  _CON_PRINT
    MODULE:  C:\Users\lchu\Desktop\NFC RFID\AMS\AS399x_Firmware\as399x.obj (AS399X)

>>     ADDRESS: 09BCH

*** WARNING L2: REFERENCE MADE TO UNRESOLVED EXTERNAL
    SYMBOL:  _MDELAY
    MODULE:  C:\Users\lchu\Desktop\NFC RFID\AMS\AS399x_Firmware\as399x.obj (AS399X)

>>     ADDRESS: 0A58H

*** WARNING L2: REFERENCE MADE TO UNRESOLVED EXTERNAL
    SYMBOL:  ?_WRITEREADAS399X?BYTE
    MODULE:  C:\Users\lchu\Desktop\NFC RFID\AMS\AS399x_Firmware\as399x.obj (AS399X)

>>     ADDRESS: 19D2H

*** WARNING L2: REFERENCE MADE TO UNRESOLVED EXTERNAL
    SYMBOL:  ?_WRITEREADAS399X?BYTE
    MODULE:  C:\Users\lchu\Desktop\NFC RFID\AMS\AS399x_Firmware\as399x.obj (AS399X)

>>     ADDRESS: 19D5H

*** WARNING L2: REFERENCE MADE TO UNRESOLVED EXTERNAL
    SYMBOL:  ?_WRITEREADAS399X?BYTE
    MODULE:  C:\Users\lchu\Desktop\NFC RFID\AMS\AS399x_Firmware\as399x.obj (AS399X)

>>     ADDRESS: 19D8H

*** WARNING L2: REFERENCE MADE TO UNRESOLVED EXTERNAL
    SYMBOL:  ?_WRITEREADAS399X?BYTE
    MODULE:  C:\Users\lchu\Desktop\NFC RFID\AMS\AS399x_Firmware\as399x.obj (AS399X)

>>     ADDRESS: 19DCH

*** WARNING L2: REFERENCE MADE TO UNRESOLVED EXTERNAL
    SYMBOL:  ?_WRITEREADAS399X?BYTE
    MODULE:  C:\Users\lchu\Desktop\NFC RFID\AMS\AS399x_Firmware\as399x.obj (AS399X)

>>     ADDRESS: 19DEH

*** WARNING L2: REFERENCE MADE TO UNRESOLVED EXTERNAL
    SYMBOL:  ?_WRITEREADAS399X?BYTE
    MODULE:  C:\Users\lchu\Desktop\NFC RFID\AMS\AS399x_Firmware\as399x.obj (AS399X)

>>     ADDRESS: 19E1H

*** WARNING L2: REFERENCE MADE TO UNRESOLVED EXTERNAL
    SYMBOL:  _WRITEREADAS399X
    MODULE:  C:\Users\lchu\Desktop\NFC RFID\AMS\AS399x_Firmware\as399x.obj (AS399X)

>>     ADDRESS: 19EBH

*** WARNING L2: REFERENCE MADE TO UNRESOLVED EXTERNAL
    SYMBOL:  ?_WRITEREADAS399X?BYTE
    MODULE:  C:\Users\lchu\Desktop\NFC RFID\AMS\AS399x_Firmware\as399x.obj (AS399X)

>>     ADDRESS: 1A50H

*** WARNING L2: REFERENCE MADE TO UNRESOLVED EXTERNAL
    SYMBOL:  ?_WRITEREADAS399X?BYTE
    MODULE:  C:\Users\lchu\Desktop\NFC RFID\AMS\AS399x_Firmware\as399x.obj (AS399X)

>>     ADDRESS: 1A53H

*** WARNING L2: REFERENCE MADE TO UNRESOLVED EXTERNAL
    SYMBOL:  ?_WRITEREADAS399X?BYTE
    MODULE:  C:\Users\lchu\Desktop\NFC RFID\AMS\AS399x_Firmware\as399x.obj (AS399X)

>>     ADDRESS: 1A56H

*** WARNING L2: REFERENCE MADE TO UNRESOLVED EXTERNAL
    SYMBOL:  ?_WRITEREADAS399X?BYTE
    MODULE:  C:\Users\lchu\Desktop\NFC RFID\AMS\AS399x_Firmware\as399x.obj (AS399X)

>>     ADDRESS: 1A5AH

*** WARNING L2: REFERENCE MADE TO UNRESOLVED EXTERNAL
    SYMBOL:  ?_WRITEREADAS399X?BYTE
    MODULE:  C:\Users\lchu\Desktop\NFC RFID\AMS\AS399x_Firmware\as399x.obj (AS399X)

>>     ADDRESS: 1A5CH

*** WARNING L2: REFERENCE MADE TO UNRESOLVED EXTERNAL
    SYMBOL:  ?_WRITEREADAS399X?BYTE
    MODULE:  C:\Users\lchu\Desktop\NFC RFID\AMS\AS399x_Firmware\as399x.obj (AS399X)

>>     ADDRESS: 1A5FH

*** WARNING L2: REFERENCE MADE TO UNRESOLVED EXTERNAL
    SYMBOL:  _WRITEREADAS399X
    MODULE:  C:\Users\lchu\Desktop\NFC RFID\AMS\AS399x_Firmware\as399x.obj (AS399X)

>>     ADDRESS: 1A62H

*** WARNING L2: REFERENCE MADE TO UNRESOLVED EXTERNAL
    SYMBOL:  ?_WRITEREADAS399X?BYTE
    MODULE:  C:\Users\lchu\Desktop\NFC RFID\AMS\AS399x_Firmware\as399x.obj (AS399X)

>>     ADDRESS: 1A15H

*** WARNING L2: REFERENCE MADE TO UNRESOLVED EXTERNAL
    SYMBOL:  ?_WRITEREADAS399X?BYTE
    MODULE:  C:\Users\lchu\Desktop\NFC RFID\AMS\AS399x_Firmware\as399x.obj (AS399X)

>>     ADDRESS: 1A18H

*** WARNING L2: REFERENCE MADE TO UNRESOLVED EXTERNAL
    SYMBOL:  ?_WRITEREADAS399X?BYTE
    MODULE:  C:\Users\lchu\Desktop\NFC RFID\AMS\AS399x_Firmware\as399x.obj (AS399X)

>>     ADDRESS: 1A1BH

*** WARNING L2: REFERENCE MADE TO UNRESOLVED EXTERNAL
    SYMBOL:  ?_WRITEREADAS399X?BYTE
    MODULE:  C:\Users\lchu\Desktop\NFC RFID\AMS\AS399x_Firmware\as399x.obj (AS399X)

>>     ADDRESS: 1A1FH

*** WARNING L2: REFERENCE MADE TO UNRESOLVED EXTERNAL
    SYMBOL:  ?_WRITEREADAS399X?BYTE
    MODULE:  C:\Users\lchu\Desktop\NFC RFID\AMS\AS399x_Firmware\as399x.obj (AS399X)

>>     ADDRESS: 1A21H

*** WARNING L2: REFERENCE MADE TO UNRESOLVED EXTERNAL
    SYMBOL:  ?_WRITEREADAS399X?BYTE
    MODULE:  C:\Users\lchu\Desktop\NFC RFID\AMS\AS399x_Firmware\as399x.obj (AS399X)

>>     ADDRESS: 1A23H

*** WARNING L2: REFERENCE MADE TO UNRESOLVED EXTERNAL
    SYMBOL:  _WRITEREADAS399X
    MODULE:  C:\Users\lchu\Desktop\NFC RFID\AMS\AS399x_Firmware\as399x.obj (AS399X)

>>     ADDRESS: 1A2DH

*** WARNING L2: REFERENCE MADE TO UNRESOLVED EXTERNAL
    SYMBOL:  ?_WRITEREADAS399X?BYTE
    MODULE:  C:\Users\lchu\Desktop\NFC RFID\AMS\AS399x_Firmware\as399x.obj (AS399X)

>>     ADDRESS: 18D9H

*** WARNING L2: REFERENCE MADE TO UNRESOLVED EXTERNAL
    SYMBOL:  ?_WRITEREADAS399X?BYTE
    MODULE:  C:\Users\lchu\Desktop\NFC RFID\AMS\AS399x_Firmware\as399x.obj (AS399X)

>>     ADDRESS: 18DBH

*** WARNING L2: REFERENCE MADE TO UNRESOLVED EXTERNAL
    SYMBOL:  ?_WRITEREADAS399X?BYTE
    MODULE:  C:\Users\lchu\Desktop\NFC RFID\AMS\AS399x_Firmware\as399x.obj (AS399X)

>>     ADDRESS: 18DDH

*** WARNING L2: REFERENCE MADE TO UNRESOLVED EXTERNAL
    SYMBOL:  ?_WRITEREADAS399X?BYTE
    MODULE:  C:\Users\lchu\Desktop\NFC RFID\AMS\AS399x_Firmware\as399x.obj (AS399X)

>>     ADDRESS: 18DFH

*** WARNING L2: REFERENCE MADE TO UNRESOLVED EXTERNAL
    SYMBOL:  ?_WRITEREADAS399X?BYTE
    MODULE:  C:\Users\lchu\Desktop\NFC RFID\AMS\AS399x_Firmware\as399x.obj (AS399X)

>>     ADDRESS: 18E1H

*** WARNING L2: REFERENCE MADE TO UNRESOLVED EXTERNAL
    SYMBOL:  ?_WRITEREADAS399X?BYTE
    MODULE:  C:\Users\lchu\Desktop\NFC RFID\AMS\AS399x_Firmware\as399x.obj (AS399X)

>>     ADDRESS: 18E4H

*** WARNING L2: REFERENCE MADE TO UNRESOLVED EXTERNAL
    SYMBOL:  _WRITEREADAS399X
    MODULE:  C:\Users\lchu\Desktop\NFC RFID\AMS\AS399x_Firmware\as399x.obj (AS399X)

>>     ADDRESS: 18EFH

*** WARNING L2: REFERENCE MADE TO UNRESOLVED EXTERNAL
    SYMBOL:  ?_WRITEREADAS399X?BYTE
    MODULE:  C:\Users\lchu\Desktop\NFC RFID\AMS\AS399x_Firmware\as399x.obj (AS399X)

>>     ADDRESS: 19ACH

*** WARNING L2: REFERENCE MADE TO UNRESOLVED EXTERNAL
    SYMBOL:  ?_WRITEREADAS399X?BYTE
    MODULE:  C:\Users\lchu\Desktop\NFC RFID\AMS\AS399x_Firmware\as399x.obj (AS399X)

>>     ADDRESS: 19AFH

*** WARNING L2: REFERENCE MADE TO UNRESOLVED EXTERNAL
    SYMBOL:  ?_WRITEREADAS399X?BYTE
    MODULE:  C:\Users\lchu\Desktop\NFC RFID\AMS\AS399x_Firmware\as399x.obj (AS399X)

>>     ADDRESS: 19B2H

*** WARNING L2: REFERENCE MADE TO UNRESOLVED EXTERNAL
    SYMBOL:  ?_WRITEREADAS399X?BYTE
    MODULE:  C:\Users\lchu\Desktop\NFC RFID\AMS\AS399x_Firmware\as399x.obj (AS399X)

>>     ADDRESS: 19B5H

*** WARNING L2: REFERENCE MADE TO UNRESOLVED EXTERNAL
    SYMBOL:  ?_WRITEREADAS399X?BYTE
    MODULE:  C:\Users\lchu\Desktop\NFC RFID\AMS\AS399x_Firmware\as399x.obj (AS399X)

>>     ADDRESS: 19B8H

*** WARNING L2: REFERENCE MADE TO UNRESOLVED EXTERNAL
    SYMBOL:  ?_WRITEREADAS399X?BYTE
    MODULE:  C:\Users\lchu\Desktop\NFC RFID\AMS\AS399x_Firmware\as399x.obj (AS399X)

>>     ADDRESS: 19BBH

*** WARNING L2: REFERENCE MADE TO UNRESOLVED EXTERNAL
    SYMBOL:  _WRITEREADAS399X
    MODULE:  C:\Users\lchu\Desktop\NFC RFID\AMS\AS399x_Firmware\as399x.obj (AS399X)

>>     ADDRESS: 19C6H

*** WARNING L2: REFERENCE MADE TO UNRESOLVED EXTERNAL
    SYMBOL:  _WRITEREADAS399XISR
    MODULE:  C:\Users\lchu\Desktop\NFC RFID\AMS\AS399x_Firmware\as399x.obj (AS399X)

>>     ADDRESS: 1AC6H

*** WARNING L2: REFERENCE MADE TO UNRESOLVED EXTERNAL
    SYMBOL:  ?_WRITEREADAS399X?BYTE
    MODULE:  C:\Users\lchu\Desktop\NFC RFID\AMS\AS399x_Firmware\as399x.obj (AS399X)

>>     ADDRESS: 1630H

*** WARNING L2: REFERENCE MADE TO UNRESOLVED EXTERNAL
    SYMBOL:  ?_WRITEREADAS399X?BYTE
    MODULE:  C:\Users\lchu\Desktop\NFC RFID\AMS\AS399x_Firmware\as399x.obj (AS399X)

>>     ADDRESS: 1633H

*** WARNING L2: REFERENCE MADE TO UNRESOLVED EXTERNAL
    SYMBOL:  ?_WRITEREADAS399X?BYTE
    MODULE:  C:\Users\lchu\Desktop\NFC RFID\AMS\AS399x_Firmware\as399x.obj (AS399X)

>>     ADDRESS: 1636H

*** WARNING L2: REFERENCE MADE TO UNRESOLVED EXTERNAL
    SYMBOL:  ?_WRITEREADAS399X?BYTE
    MODULE:  C:\Users\lchu\Desktop\NFC RFID\AMS\AS399x_Firmware\as399x.obj (AS399X)

>>     ADDRESS: 163AH

*** WARNING L2: REFERENCE MADE TO UNRESOLVED EXTERNAL
    SYMBOL:  ?_WRITEREADAS399X?BYTE
    MODULE:  C:\Users\lchu\Desktop\NFC RFID\AMS\AS399x_Firmware\as399x.obj (AS399X)

>>     ADDRESS: 163CH

*** WARNING L2: REFERENCE MADE TO UNRESOLVED EXTERNAL
    SYMBOL:  ?_WRITEREADAS399X?BYTE
    MODULE:  C:\Users\lchu\Desktop\NFC RFID\AMS\AS399x_Firmware\as399x.obj (AS399X)

>>     ADDRESS: 163EH

*** WARNING L2: REFERENCE MADE TO UNRESOLVED EXTERNAL
    SYMBOL:  _WRITEREADAS399X
    MODULE:  C:\Users\lchu\Desktop\NFC RFID\AMS\AS399x_Firmware\as399x.obj (AS399X)

>>     ADDRESS: 1648H

*** WARNING L2: REFERENCE MADE TO UNRESOLVED EXTERNAL
    SYMBOL:  ?_WRITEREADAS399X?BYTE
    MODULE:  C:\Users\lchu\Desktop\NFC RFID\AMS\AS399x_Firmware\as399x.obj (AS399X)

>>     ADDRESS: 164BH

*** WARNING L2: REFERENCE MADE TO UNRESOLVED EXTERNAL
    SYMBOL:  ?_WRITEREADAS399X?BYTE
    MODULE:  C:\Users\lchu\Desktop\NFC RFID\AMS\AS399x_Firmware\as399x.obj (AS399X)

>>     ADDRESS: 164EH

*** WARNING L2: REFERENCE MADE TO UNRESOLVED EXTERNAL
    SYMBOL:  ?_WRITEREADAS399X?BYTE
    MODULE:  C:\Users\lchu\Desktop\NFC RFID\AMS\AS399x_Firmware\as399x.obj (AS399X)

>>     ADDRESS: 1651H

*** WARNING L2: REFERENCE MADE TO UNRESOLVED EXTERNAL
    SYMBOL:  ?_WRITEREADAS399X?BYTE
    MODULE:  C:\Users\lchu\Desktop\NFC RFID\AMS\AS399x_Firmware\as399x.obj (AS399X)

>>     ADDRESS: 1655H

*** WARNING L2: REFERENCE MADE TO UNRESOLVED EXTERNAL
    SYMBOL:  ?_WRITEREADAS399X?BYTE
    MODULE:  C:\Users\lchu\Desktop\NFC RFID\AMS\AS399x_Firmware\as399x.obj (AS399X)

>>     ADDRESS: 1657H

*** WARNING L2: REFERENCE MADE TO UNRESOLVED EXTERNAL
    SYMBOL:  ?_WRITEREADAS399X?BYTE
    MODULE:  C:\Users\lchu\Desktop\NFC RFID\AMS\AS399x_Firmware\as399x.obj (AS399X)

>>     ADDRESS: 1659H

*** WARNING L2: REFERENCE MADE TO UNRESOLVED EXTERNAL
    SYMBOL:  _WRITEREADAS399X
    MODULE:  C:\Users\lchu\Desktop\NFC RFID\AMS\AS399x_Firmware\as399x.obj (AS399X)

>>     ADDRESS: 1662H

*** WARNING L2: REFERENCE MADE TO UNRESOLVED EXTERNAL
    SYMBOL:  ?_WRITEREADAS399X?BYTE
    MODULE:  C:\Users\lchu\Desktop\NFC RFID\AMS\AS399x_Firmware\as399x.obj (AS399X)

>>     ADDRESS: 1670H

*** WARNING L2: REFERENCE MADE TO UNRESOLVED EXTERNAL
    SYMBOL:  ?_WRITEREADAS399X?BYTE
    MODULE:  C:\Users\lchu\Desktop\NFC RFID\AMS\AS399x_Firmware\as399x.obj (AS399X)

>>     ADDRESS: 1673H

*** WARNING L2: REFERENCE MADE TO UNRESOLVED EXTERNAL
    SYMBOL:  ?_WRITEREADAS399X?BYTE
    MODULE:  C:\Users\lchu\Desktop\NFC RFID\AMS\AS399x_Firmware\as399x.obj (AS399X)

>>     ADDRESS: 1676H

*** WARNING L2: REFERENCE MADE TO UNRESOLVED EXTERNAL
    SYMBOL:  ?_WRITEREADAS399X?BYTE
    MODULE:  C:\Users\lchu\Desktop\NFC RFID\AMS\AS399x_Firmware\as399x.obj (AS399X)

>>     ADDRESS: 167AH

*** WARNING L2: REFERENCE MADE TO UNRESOLVED EXTERNAL
    SYMBOL:  ?_WRITEREADAS399X?BYTE
    MODULE:  C:\Users\lchu\Desktop\NFC RFID\AMS\AS399x_Firmware\as399x.obj (AS399X)

>>     ADDRESS: 167CH

*** WARNING L2: REFERENCE MADE TO UNRESOLVED EXTERNAL
    SYMBOL:  ?_WRITEREADAS399X?BYTE
    MODULE:  C:\Users\lchu\Desktop\NFC RFID\AMS\AS399x_Firmware\as399x.obj (AS399X)

>>     ADDRESS: 167FH

*** WARNING L2: REFERENCE MADE TO UNRESOLVED EXTERNAL
    SYMBOL:  _WRITEREADAS399X
    MODULE:  C:\Users\lchu\Desktop\NFC RFID\AMS\AS399x_Firmware\as399x.obj (AS399X)

>>     ADDRESS: 1683H

*** WARNING L2: REFERENCE MADE TO UNRESOLVED EXTERNAL
    SYMBOL:  ?_WRITEREADAS399X?BYTE
    MODULE:  C:\Users\lchu\Desktop\NFC RFID\AMS\AS399x_Firmware\as399x.obj (AS399X)

>>     ADDRESS: 17B4H

*** WARNING L2: REFERENCE MADE TO UNRESOLVED EXTERNAL
    SYMBOL:  ?_WRITEREADAS399X?BYTE
    MODULE:  C:\Users\lchu\Desktop\NFC RFID\AMS\AS399x_Firmware\as399x.obj (AS399X)

>>     ADDRESS: 17B7H

*** WARNING L2: REFERENCE MADE TO UNRESOLVED EXTERNAL
    SYMBOL:  ?_WRITEREADAS399X?BYTE
    MODULE:  C:\Users\lchu\Desktop\NFC RFID\AMS\AS399x_Firmware\as399x.obj (AS399X)

>>     ADDRESS: 17BAH

*** WARNING L2: REFERENCE MADE TO UNRESOLVED EXTERNAL
    SYMBOL:  ?_WRITEREADAS399X?BYTE
    MODULE:  C:\Users\lchu\Desktop\NFC RFID\AMS\AS399x_Firmware\as399x.obj (AS399X)

>>     ADDRESS: 17BEH

*** WARNING L2: REFERENCE MADE TO UNRESOLVED EXTERNAL
    SYMBOL:  ?_WRITEREADAS399X?BYTE
    MODULE:  C:\Users\lchu\Desktop\NFC RFID\AMS\AS399x_Firmware\as399x.obj (AS399X)

>>     ADDRESS: 17C0H

*** WARNING L2: REFERENCE MADE TO UNRESOLVED EXTERNAL
    SYMBOL:  ?_WRITEREADAS399X?BYTE
    MODULE:  C:\Users\lchu\Desktop\NFC RFID\AMS\AS399x_Firmware\as399x.obj (AS399X)

>>     ADDRESS: 17C2H

*** WARNING L2: REFERENCE MADE TO UNRESOLVED EXTERNAL
    SYMBOL:  _WRITEREADAS399X
    MODULE:  C:\Users\lchu\Desktop\NFC RFID\AMS\AS399x_Firmware\as399x.obj (AS399X)

>>     ADDRESS: 17CCH

*** WARNING L2: REFERENCE MADE TO UNRESOLVED EXTERNAL
    SYMBOL:  ?_WRITEREADAS399X?BYTE
    MODULE:  C:\Users\lchu\Desktop\NFC RFID\AMS\AS399x_Firmware\as399x.obj (AS399X)

>>     ADDRESS: 17CFH

*** WARNING L2: REFERENCE MADE TO UNRESOLVED EXTERNAL
    SYMBOL:  ?_WRITEREADAS399X?BYTE
    MODULE:  C:\Users\lchu\Desktop\NFC RFID\AMS\AS399x_Firmware\as399x.obj (AS399X)

>>     ADDRESS: 17D2H

*** WARNING L2: REFERENCE MADE TO UNRESOLVED EXTERNAL
    SYMBOL:  ?_WRITEREADAS399X?BYTE
    MODULE:  C:\Users\lchu\Desktop\NFC RFID\AMS\AS399x_Firmware\as399x.obj (AS399X)

>>     ADDRESS: 17D5H

*** WARNING L2: REFERENCE MADE TO UNRESOLVED EXTERNAL
    SYMBOL:  ?_WRITEREADAS399X?BYTE
    MODULE:  C:\Users\lchu\Desktop\NFC RFID\AMS\AS399x_Firmware\as399x.obj (AS399X)

>>     ADDRESS: 17D9H

*** WARNING L2: REFERENCE MADE TO UNRESOLVED EXTERNAL
    SYMBOL:  ?_WRITEREADAS399X?BYTE
    MODULE:  C:\Users\lchu\Desktop\NFC RFID\AMS\AS399x_Firmware\as399x.obj (AS399X)

>>     ADDRESS: 17DBH

*** WARNING L2: REFERENCE MADE TO UNRESOLVED EXTERNAL
    SYMBOL:  ?_WRITEREADAS399X?BYTE
    MODULE:  C:\Users\lchu\Desktop\NFC RFID\AMS\AS399x_Firmware\as399x.obj (AS399X)

>>     ADDRESS: 17DEH

*** WARNING L2: REFERENCE MADE TO UNRESOLVED EXTERNAL
    SYMBOL:  _WRITEREADAS399X
    MODULE:  C:\Users\lchu\Desktop\NFC RFID\AMS\AS399x_Firmware\as399x.obj (AS399X)

>>     ADDRESS: 17E8H

*** WARNING L2: REFERENCE MADE TO UNRESOLVED EXTERNAL
    SYMBOL:  ?_WRITEREADAS399X?BYTE
    MODULE:  C:\Users\lchu\Desktop\NFC RFID\AMS\AS399x_Firmware\as399x.obj (AS399X)

>>     ADDRESS: 1931H

*** WARNING L2: REFERENCE MADE TO UNRESOLVED EXTERNAL
    SYMBOL:  ?_WRITEREADAS399X?BYTE
    MODULE:  C:\Users\lchu\Desktop\NFC RFID\AMS\AS399x_Firmware\as399x.obj (AS399X)

>>     ADDRESS: 1934H

*** WARNING L2: REFERENCE MADE TO UNRESOLVED EXTERNAL
    SYMBOL:  ?_WRITEREADAS399X?BYTE
    MODULE:  C:\Users\lchu\Desktop\NFC RFID\AMS\AS399x_Firmware\as399x.obj (AS399X)

>>     ADDRESS: 1937H

*** WARNING L2: REFERENCE MADE TO UNRESOLVED EXTERNAL
    SYMBOL:  ?_WRITEREADAS399X?BYTE
    MODULE:  C:\Users\lchu\Desktop\NFC RFID\AMS\AS399x_Firmware\as399x.obj (AS399X)

>>     ADDRESS: 193BH

*** WARNING L2: REFERENCE MADE TO UNRESOLVED EXTERNAL
    SYMBOL:  ?_WRITEREADAS399X?BYTE
    MODULE:  C:\Users\lchu\Desktop\NFC RFID\AMS\AS399x_Firmware\as399x.obj (AS399X)

>>     ADDRESS: 193DH

*** WARNING L2: REFERENCE MADE TO UNRESOLVED EXTERNAL
    SYMBOL:  ?_WRITEREADAS399X?BYTE
    MODULE:  C:\Users\lchu\Desktop\NFC RFID\AMS\AS399x_Firmware\as399x.obj (AS399X)

>>     ADDRESS: 1940H

*** WARNING L2: REFERENCE MADE TO UNRESOLVED EXTERNAL
    SYMBOL:  _WRITEREADAS399X
    MODULE:  C:\Users\lchu\Desktop\NFC RFID\AMS\AS399x_Firmware\as399x.obj (AS399X)

>>     ADDRESS: 194AH

*** WARNING L2: REFERENCE MADE TO UNRESOLVED EXTERNAL
    SYMBOL:  ?_WRITEREADAS399X?BYTE
    MODULE:  C:\Users\lchu\Desktop\NFC RFID\AMS\AS399x_Firmware\as399x.obj (AS399X)

>>     ADDRESS: 17F3H

*** WARNING L2: REFERENCE MADE TO UNRESOLVED EXTERNAL
    SYMBOL:  ?_WRITEREADAS399X?BYTE
    MODULE:  C:\Users\lchu\Desktop\NFC RFID\AMS\AS399x_Firmware\as399x.obj (AS399X)

>>     ADDRESS: 17F6H

*** WARNING L2: REFERENCE MADE TO UNRESOLVED EXTERNAL
    SYMBOL:  ?_WRITEREADAS399X?BYTE
    MODULE:  C:\Users\lchu\Desktop\NFC RFID\AMS\AS399x_Firmware\as399x.obj (AS399X)

>>     ADDRESS: 17F9H

*** WARNING L2: REFERENCE MADE TO UNRESOLVED EXTERNAL
    SYMBOL:  ?_WRITEREADAS399X?BYTE
    MODULE:  C:\Users\lchu\Desktop\NFC RFID\AMS\AS399x_Firmware\as399x.obj (AS399X)

>>     ADDRESS: 17FDH

*** WARNING L2: REFERENCE MADE TO UNRESOLVED EXTERNAL
    SYMBOL:  ?_WRITEREADAS399X?BYTE
    MODULE:  C:\Users\lchu\Desktop\NFC RFID\AMS\AS399x_Firmware\as399x.obj (AS399X)

>>     ADDRESS: 17FFH

*** WARNING L2: REFERENCE MADE TO UNRESOLVED EXTERNAL
    SYMBOL:  ?_WRITEREADAS399X?BYTE
    MODULE:  C:\Users\lchu\Desktop\NFC RFID\AMS\AS399x_Firmware\as399x.obj (AS399X)

>>     ADDRESS: 1801H

*** WARNING L2: REFERENCE MADE TO UNRESOLVED EXTERNAL
    SYMBOL:  _WRITEREADAS399X
    MODULE:  C:\Users\lchu\Desktop\NFC RFID\AMS\AS399x_Firmware\as399x.obj (AS399X)

>>     ADDRESS: 1804H

*** WARNING L2: REFERENCE MADE TO UNRESOLVED EXTERNAL
    SYMBOL:  ?_WRITEREADAS399X?BYTE
    MODULE:  C:\Users\lchu\Desktop\NFC RFID\AMS\AS399x_Firmware\as399x.obj (AS399X)

>>     ADDRESS: 1807H

*** WARNING L2: REFERENCE MADE TO UNRESOLVED EXTERNAL
    SYMBOL:  ?_WRITEREADAS399X?BYTE
    MODULE:  C:\Users\lchu\Desktop\NFC RFID\AMS\AS399x_Firmware\as399x.obj (AS399X)

>>     ADDRESS: 180AH

*** WARNING L2: REFERENCE MADE TO UNRESOLVED EXTERNAL
    SYMBOL:  ?_WRITEREADAS399X?BYTE
    MODULE:  C:\Users\lchu\Desktop\NFC RFID\AMS\AS399x_Firmware\as399x.obj (AS399X)

>>     ADDRESS: 180DH

*** WARNING L2: REFERENCE MADE TO UNRESOLVED EXTERNAL
    SYMBOL:  ?_WRITEREADAS399X?BYTE
    MODULE:  C:\Users\lchu\Desktop\NFC RFID\AMS\AS399x_Firmware\as399x.obj (AS399X)

>>     ADDRESS: 1811H

*** WARNING L2: REFERENCE MADE TO UNRESOLVED EXTERNAL
    SYMBOL:  ?_WRITEREADAS399X?BYTE
    MODULE:  C:\Users\lchu\Desktop\NFC RFID\AMS\AS399x_Firmware\as399x.obj (AS399X)

>>     ADDRESS: 1813H

*** WARNING L2: REFERENCE MADE TO UNRESOLVED EXTERNAL
    SYMBOL:  ?_WRITEREADAS399X?BYTE
    MODULE:  C:\Users\lchu\Desktop\NFC RFID\AMS\AS399x_Firmware\as399x.obj (AS399X)

>>     ADDRESS: 1815H

*** WARNING L2: REFERENCE MADE TO UNRESOLVED EXTERNAL
    SYMBOL:  _WRITEREADAS399X
    MODULE:  C:\Users\lchu\Desktop\NFC RFID\AMS\AS399x_Firmware\as399x.obj (AS399X)

>>     ADDRESS: 181EH

*** WARNING L2: REFERENCE MADE TO UNRESOLVED EXTERNAL
    SYMBOL:  ?_WRITEREADAS399X?BYTE
    MODULE:  C:\Users\lchu\Desktop\NFC RFID\AMS\AS399x_Firmware\as399x.obj (AS399X)

>>     ADDRESS: 1821H

*** WARNING L2: REFERENCE MADE TO UNRESOLVED EXTERNAL
    SYMBOL:  ?_WRITEREADAS399X?BYTE
    MODULE:  C:\Users\lchu\Desktop\NFC RFID\AMS\AS399x_Firmware\as399x.obj (AS399X)

>>     ADDRESS: 1824H

*** WARNING L2: REFERENCE MADE TO UNRESOLVED EXTERNAL
    SYMBOL:  ?_WRITEREADAS399X?BYTE
    MODULE:  C:\Users\lchu\Desktop\NFC RFID\AMS\AS399x_Firmware\as399x.obj (AS399X)

>>     ADDRESS: 1827H

*** WARNING L2: REFERENCE MADE TO UNRESOLVED EXTERNAL
    SYMBOL:  ?_WRITEREADAS399X?BYTE
    MODULE:  C:\Users\lchu\Desktop\NFC RFID\AMS\AS399x_Firmware\as399x.obj (AS399X)

>>     ADDRESS: 182BH

*** WARNING L2: REFERENCE MADE TO UNRESOLVED EXTERNAL
    SYMBOL:  ?_WRITEREADAS399X?BYTE
    MODULE:  C:\Users\lchu\Desktop\NFC RFID\AMS\AS399x_Firmware\as399x.obj (AS399X)

>>     ADDRESS: 182DH

*** WARNING L2: REFERENCE MADE TO UNRESOLVED EXTERNAL
    SYMBOL:  ?_WRITEREADAS399X?BYTE
    MODULE:  C:\Users\lchu\Desktop\NFC RFID\AMS\AS399x_Firmware\as399x.obj (AS399X)

>>     ADDRESS: 1830H

*** WARNING L2: REFERENCE MADE TO UNRESOLVED EXTERNAL
    SYMBOL:  _WRITEREADAS399X
    MODULE:  C:\Users\lchu\Desktop\NFC RFID\AMS\AS399x_Firmware\as399x.obj (AS399X)

>>     ADDRESS: 183AH

*** WARNING L2: REFERENCE MADE TO UNRESOLVED EXTERNAL
    SYMBOL:  _TIMERSTART_US
    MODULE:  C:\Users\lchu\Desktop\NFC RFID\AMS\AS399x_Firmware\as399x.obj (AS399X)

>>     ADDRESS: 176AH

*** WARNING L2: REFERENCE MADE TO UNRESOLVED EXTERNAL
    SYMBOL:  ?_CON_PRINT?BYTE
    MODULE:  C:\Users\lchu\Desktop\NFC RFID\AMS\AS399x_Firmware\as399x.obj (AS399X)

>>     ADDRESS: 1787H

*** WARNING L2: REFERENCE MADE TO UNRESOLVED EXTERNAL
    SYMBOL:  ?_CON_PRINT?BYTE
    MODULE:  C:\Users\lchu\Desktop\NFC RFID\AMS\AS399x_Firmware\as399x.obj (AS399X)

>>     ADDRESS: 178AH

*** WARNING L2: REFERENCE MADE TO UNRESOLVED EXTERNAL
    SYMBOL:  ?_CON_PRINT?BYTE
    MODULE:  C:\Users\lchu\Desktop\NFC RFID\AMS\AS399x_Firmware\as399x.obj (AS399X)

>>     ADDRESS: 178DH

*** WARNING L2: REFERENCE MADE TO UNRESOLVED EXTERNAL
    SYMBOL:  ?_CON_PRINT?BYTE
    MODULE:  C:\Users\lchu\Desktop\NFC RFID\AMS\AS399x_Firmware\as399x.obj (AS399X)

>>     ADDRESS: 1790H

*** WARNING L2: REFERENCE MADE TO UNRESOLVED EXTERNAL
    SYMBOL:  _CON_PRINT
    MODULE:  C:\Users\lchu\Desktop\NFC RFID\AMS\AS399x_Firmware\as399x.obj (AS399X)

>>     ADDRESS: 1792H

*** WARNING L2: REFERENCE MADE TO UNRESOLVED EXTERNAL
    SYMBOL:  ?_CON_PRINT?BYTE
    MODULE:  C:\Users\lchu\Desktop\NFC RFID\AMS\AS399x_Firmware\as399x.obj (AS399X)

>>     ADDRESS: 1871H

*** WARNING L2: REFERENCE MADE TO UNRESOLVED EXTERNAL
    SYMBOL:  ?_CON_PRINT?BYTE
    MODULE:  C:\Users\lchu\Desktop\NFC RFID\AMS\AS399x_Firmware\as399x.obj (AS399X)

>>     ADDRESS: 1874H

*** WARNING L2: REFERENCE MADE TO UNRESOLVED EXTERNAL
    SYMBOL:  ?_CON_PRINT?BYTE
    MODULE:  C:\Users\lchu\Desktop\NFC RFID\AMS\AS399x_Firmware\as399x.obj (AS399X)

>>     ADDRESS: 1877H

*** WARNING L2: REFERENCE MADE TO UNRESOLVED EXTERNAL
    SYMBOL:  ?_CON_PRINT?BYTE
    MODULE:  C:\Users\lchu\Desktop\NFC RFID\AMS\AS399x_Firmware\as399x.obj (AS399X)

>>     ADDRESS: 187AH

*** WARNING L2: REFERENCE MADE TO UNRESOLVED EXTERNAL
    SYMBOL:  _CON_PRINT
    MODULE:  C:\Users\lchu\Desktop\NFC RFID\AMS\AS399x_Firmware\as399x.obj (AS399X)

>>     ADDRESS: 187CH

*** WARNING L2: REFERENCE MADE TO UNRESOLVED EXTERNAL
    SYMBOL:  _MDELAY
    MODULE:  C:\Users\lchu\Desktop\NFC RFID\AMS\AS399x_Firmware\as399x.obj (AS399X)

>>     ADDRESS: 1618H

*** WARNING L2: REFERENCE MADE TO UNRESOLVED EXTERNAL
    SYMBOL:  SETPORTDIRECT
    MODULE:  C:\Users\lchu\Desktop\NFC RFID\AMS\AS399x_Firmware\as399x.obj (AS399X)

>>     ADDRESS: 161DH

*** WARNING L2: REFERENCE MADE TO UNRESOLVED EXTERNAL
    SYMBOL:  SETPORTNORMAL
    MODULE:  C:\Users\lchu\Desktop\NFC RFID\AMS\AS399x_Firmware\as399x.obj (AS399X)

>>     ADDRESS: 188FH

*** WARNING L2: REFERENCE MADE TO UNRESOLVED EXTERNAL
    SYMBOL:  _UDELAY
    MODULE:  C:\Users\lchu\Desktop\NFC RFID\AMS\AS399x_Firmware\as399x.obj (AS399X)

>>     ADDRESS: 1220H

*** WARNING L2: REFERENCE MADE TO UNRESOLVED EXTERNAL
    SYMBOL:  _UDELAY
    MODULE:  C:\Users\lchu\Desktop\NFC RFID\AMS\AS399x_Firmware\as399x.obj (AS399X)

>>     ADDRESS: 1249H

*** WARNING L2: REFERENCE MADE TO UNRESOLVED EXTERNAL
    SYMBOL:  _MDELAY
    MODULE:  C:\Users\lchu\Desktop\NFC RFID\AMS\AS399x_Firmware\as399x.obj (AS399X)

>>     ADDRESS: 1286H

*** WARNING L2: REFERENCE MADE TO UNRESOLVED EXTERNAL
    SYMBOL:  ?_CON_PRINT?BYTE
    MODULE:  C:\Users\lchu\Desktop\NFC RFID\AMS\AS399x_Firmware\as399x.obj (AS399X)

>>     ADDRESS: 14D4H

*** WARNING L2: REFERENCE MADE TO UNRESOLVED EXTERNAL
    SYMBOL:  _CON_PRINT
    MODULE:  C:\Users\lchu\Desktop\NFC RFID\AMS\AS399x_Firmware\as399x.obj (AS399X)

>>     ADDRESS: 14D6H

*** WARNING L2: REFERENCE MADE TO UNRESOLVED EXTERNAL
    SYMBOL:  ?_CON_PRINT?BYTE
    MODULE:  C:\Users\lchu\Desktop\NFC RFID\AMS\AS399x_Firmware\as399x.obj (AS399X)

>>     ADDRESS: 150BH

*** WARNING L2: REFERENCE MADE TO UNRESOLVED EXTERNAL
    SYMBOL:  _CON_PRINT
    MODULE:  C:\Users\lchu\Desktop\NFC RFID\AMS\AS399x_Firmware\as399x.obj (AS399X)

>>     ADDRESS: 150DH

*** WARNING L2: REFERENCE MADE TO UNRESOLVED EXTERNAL
    SYMBOL:  ?_CON_PRINT?BYTE
    MODULE:  C:\Users\lchu\Desktop\NFC RFID\AMS\AS399x_Firmware\as399x.obj (AS399X)

>>     ADDRESS: 1517H

*** WARNING L2: REFERENCE MADE TO UNRESOLVED EXTERNAL
    SYMBOL:  _CON_PRINT
    MODULE:  C:\Users\lchu\Desktop\NFC RFID\AMS\AS399x_Firmware\as399x.obj (AS399X)

>>     ADDRESS: 1519H

*** WARNING L2: REFERENCE MADE TO UNRESOLVED EXTERNAL
    SYMBOL:  ?_CON_PRINT?BYTE
    MODULE:  C:\Users\lchu\Desktop\NFC RFID\AMS\AS399x_Firmware\as399x.obj (AS399X)

>>     ADDRESS: 1523H

*** WARNING L2: REFERENCE MADE TO UNRESOLVED EXTERNAL
    SYMBOL:  ?_CON_PRINT?BYTE
    MODULE:  C:\Users\lchu\Desktop\NFC RFID\AMS\AS399x_Firmware\as399x.obj (AS399X)

>>     ADDRESS: 1532H

*** WARNING L2: REFERENCE MADE TO UNRESOLVED EXTERNAL
    SYMBOL:  _CON_PRINT
    MODULE:  C:\Users\lchu\Desktop\NFC RFID\AMS\AS399x_Firmware\as399x.obj (AS399X)

>>     ADDRESS: 1534H

*** WARNING L2: REFERENCE MADE TO UNRESOLVED EXTERNAL
    SYMBOL:  _MDELAY
    MODULE:  C:\Users\lchu\Desktop\NFC RFID\AMS\AS399x_Firmware\as399x.obj (AS399X)

>>     ADDRESS: 1AF2H

*** WARNING L2: REFERENCE MADE TO UNRESOLVED EXTERNAL
    SYMBOL:  _MDELAY
    MODULE:  C:\Users\lchu\Desktop\NFC RFID\AMS\AS399x_Firmware\as399x.obj (AS399X)

>>     ADDRESS: 16DBH

*** WARNING L2: REFERENCE MADE TO UNRESOLVED EXTERNAL
    SYMBOL:  _MDELAY
    MODULE:  C:\Users\lchu\Desktop\NFC RFID\AMS\AS399x_Firmware\as399x.obj (AS399X)

>>     ADDRESS: 16E8H

*** WARNING L2: REFERENCE MADE TO UNRESOLVED EXTERNAL
    SYMBOL:  _UDELAY
    MODULE:  C:\Users\lchu\Desktop\NFC RFID\AMS\AS399x_Firmware\as399x.obj (AS399X)

>>     ADDRESS: 19FFH

*** WARNING L2: REFERENCE MADE TO UNRESOLVED EXTERNAL
    SYMBOL:  _MDELAY
    MODULE:  C:\Users\lchu\Desktop\NFC RFID\AMS\AS399x_Firmware\as399x.obj (AS399X)

>>     ADDRESS: 1027H

*** WARNING L2: REFERENCE MADE TO UNRESOLVED EXTERNAL
    SYMBOL:  _MDELAY
    MODULE:  C:\Users\lchu\Desktop\NFC RFID\AMS\AS399x_Firmware\as399x.obj (AS399X)

>>     ADDRESS: 111AH

*** WARNING L2: REFERENCE MADE TO UNRESOLVED EXTERNAL
    SYMBOL:  _UDELAY
    MODULE:  C:\Users\lchu\Desktop\NFC RFID\AMS\AS399x_Firmware\as399x.obj (AS399X)

>>     ADDRESS: 1984H

*** WARNING L2: REFERENCE MADE TO UNRESOLVED EXTERNAL
    SYMBOL:  _MDELAY
    MODULE:  C:\Users\lchu\Desktop\NFC RFID\AMS\AS399x_Firmware\as399x.obj (AS399X)

>>     ADDRESS: 12E3H

*** WARNING L2: REFERENCE MADE TO UNRESOLVED EXTERNAL
    SYMBOL:  _MDELAY
    MODULE:  C:\Users\lchu\Desktop\NFC RFID\AMS\AS399x_Firmware\as399x.obj (AS399X)

>>     ADDRESS: 12FCH

*** WARNING L2: REFERENCE MADE TO UNRESOLVED EXTERNAL
    SYMBOL:  _MDELAY
    MODULE:  C:\Users\lchu\Desktop\NFC RFID\AMS\AS399x_Firmware\as399x.obj (AS399X)

>>     ADDRESS: 13FDH

*** WARNING L2: REFERENCE MADE TO UNRESOLVED EXTERNAL
    SYMBOL:  _MDELAY
    MODULE:  C:\Users\lchu\Desktop\NFC RFID\AMS\AS399x_Firmware\as399x.obj (AS399X)

>>     ADDRESS: 1410H

*** WARNING L2: REFERENCE MADE TO UNRESOLVED EXTERNAL
    SYMBOL:  _MDELAY
    MODULE:  C:\Users\lchu\Desktop\NFC RFID\AMS\AS399x_Firmware\as399x.obj (AS399X)

>>     ADDRESS: 1A47H

*** WARNING L2: REFERENCE MADE TO UNRESOLVED EXTERNAL
    SYMBOL:  _MDELAY
    MODULE:  C:\Users\lchu\Desktop\NFC RFID\AMS\AS399x_Firmware\as399x.obj (AS399X)

>>     ADDRESS: 14C2H

*** WARNING L2: REFERENCE MADE TO UNRESOLVED EXTERNAL
    SYMBOL:  _MDELAY
    MODULE:  C:\Users\lchu\Desktop\NFC RFID\AMS\AS399x_Firmware\as399x.obj (AS399X)

>>     ADDRESS: 154DH

*** WARNING L2: REFERENCE MADE TO UNRESOLVED EXTERNAL
    SYMBOL:  _UDELAY
    MODULE:  C:\Users\lchu\Desktop\NFC RFID\AMS\AS399x_Firmware\as399x.obj (AS399X)

>>     ADDRESS: 15A8H

*** FATAL ERROR L250: CODE SIZE LIMIT IN RESTRICTED VERSION EXCEEDED
    MODULE:  C:\Users\lchu\Desktop\NFC RFID\AMS\AS399x_Firmware\as399x.obj (-----)

>>     LIMIT:   0800H BYTES